Error: Error: Not allowed by CORS
    at origin (/root/backend/src/index.ts:31:16)
    at /root/backend/node_modules/cors/lib/index.js:219:13
    at optionsCallback (/root/backend/node_modules/cors/lib/index.js:199:9)
    at corsMiddleware (/root/backend/node_modules/cors/lib/index.js:204:7)
    at Layer.handleRequest (/root/backend/node_modules/router/lib/layer.js:152:17)
    at trimPrefix (/root/backend/node_modules/router/index.js:342:13)
    at /root/backend/node_modules/router/index.js:297:9
    at processParams (/root/backend/node_modules/router/index.js:582:12)
    at next (/root/backend/node_modules/router/index.js:291:5)
    at logger (/root/backend/node_modules/morgan/index.js:144:5)
ValidationError: The 'X-Forwarded-For' header is set but the Express 'trust proxy' setting is false (default). This could indicate a misconfiguration which would prevent express-rate-limit from accurately identifying users. See https://express-rate-limit.github.io/ERR_ERL_UNEXPECTED_X_FORWARDED_FOR/ for more information.
    at Object.xForwardedForHeader (/root/backend/node_modules/express-rate-limit/dist/index.cjs:371:13)
    at Object.wrappedValidations.<computed> [as xForwardedForHeader] (/root/backend/node_modules/express-rate-limit/dist/index.cjs:685:22)
    at Object.keyGenerator (/root/backend/node_modules/express-rate-limit/dist/index.cjs:788:20)
    at /root/backend/node_modules/express-rate-limit/dist/index.cjs:849:32
    at processTicksAndRejections (node:internal/process/task_queues:95:5)
    at /root/backend/node_modules/express-rate-limit/dist/index.cjs:830:5 {
  code: 'ERR_ERL_UNEXPECTED_X_FORWARDED_FOR',
  help: 'https://express-rate-limit.github.io/ERR_ERL_UNEXPECTED_X_FORWARDED_FOR/'
}
Error: Error: Not allowed by CORS
    at origin (/root/backend/src/index.ts:31:16)
    at /root/backend/node_modules/cors/lib/index.js:219:13
    at optionsCallback (/root/backend/node_modules/cors/lib/index.js:199:9)
    at corsMiddleware (/root/backend/node_modules/cors/lib/index.js:204:7)
    at Layer.handleRequest (/root/backend/node_modules/router/lib/layer.js:152:17)
    at trimPrefix (/root/backend/node_modules/router/index.js:342:13)
    at /root/backend/node_modules/router/index.js:297:9
    at processParams (/root/backend/node_modules/router/index.js:582:12)
    at next (/root/backend/node_modules/router/index.js:291:5)
    at logger (/root/backend/node_modules/morgan/index.js:144:5)
ValidationError: The 'X-Forwarded-For' header is set but the Express 'trust proxy' setting is false (default). This could indicate a misconfiguration which would prevent express-rate-limit from accurately identifying users. See https://express-rate-limit.github.io/ERR_ERL_UNEXPECTED_X_FORWARDED_FOR/ for more information.
    at Object.xForwardedForHeader (/root/backend/node_modules/express-rate-limit/dist/index.cjs:371:13)
    at Object.wrappedValidations.<computed> [as xForwardedForHeader] (/root/backend/node_modules/express-rate-limit/dist/index.cjs:685:22)
    at Object.keyGenerator (/root/backend/node_modules/express-rate-limit/dist/index.cjs:788:20)
    at /root/backend/node_modules/express-rate-limit/dist/index.cjs:849:32
    at processTicksAndRejections (node:internal/process/task_queues:95:5)
    at /root/backend/node_modules/express-rate-limit/dist/index.cjs:830:5 {
  code: 'ERR_ERL_UNEXPECTED_X_FORWARDED_FOR',
  help: 'https://express-rate-limit.github.io/ERR_ERL_UNEXPECTED_X_FORWARDED_FOR/'
}
Error: Error: Not allowed by CORS
    at origin (/root/backend/src/index.ts:31:16)
    at /root/backend/node_modules/cors/lib/index.js:219:13
    at optionsCallback (/root/backend/node_modules/cors/lib/index.js:199:9)
    at corsMiddleware (/root/backend/node_modules/cors/lib/index.js:204:7)
    at Layer.handleRequest (/root/backend/node_modules/router/lib/layer.js:152:17)
    at trimPrefix (/root/backend/node_modules/router/index.js:342:13)
    at /root/backend/node_modules/router/index.js:297:9
    at processParams (/root/backend/node_modules/router/index.js:582:12)
    at next (/root/backend/node_modules/router/index.js:291:5)
    at logger (/root/backend/node_modules/morgan/index.js:144:5)
Error: Error: Not allowed by CORS
    at origin (/root/backend/src/index.ts:31:16)
    at /root/backend/node_modules/cors/lib/index.js:219:13
    at optionsCallback (/root/backend/node_modules/cors/lib/index.js:199:9)
    at corsMiddleware (/root/backend/node_modules/cors/lib/index.js:204:7)
    at Layer.handleRequest (/root/backend/node_modules/router/lib/layer.js:152:17)
    at trimPrefix (/root/backend/node_modules/router/index.js:342:13)
    at /root/backend/node_modules/router/index.js:297:9
    at processParams (/root/backend/node_modules/router/index.js:582:12)
    at next (/root/backend/node_modules/router/index.js:291:5)
    at logger (/root/backend/node_modules/morgan/index.js:144:5)
Error: Error: Not allowed by CORS
    at origin (/root/backend/src/index.ts:31:16)
    at /root/backend/node_modules/cors/lib/index.js:219:13
    at optionsCallback (/root/backend/node_modules/cors/lib/index.js:199:9)
    at corsMiddleware (/root/backend/node_modules/cors/lib/index.js:204:7)
    at Layer.handleRequest (/root/backend/node_modules/router/lib/layer.js:152:17)
    at trimPrefix (/root/backend/node_modules/router/index.js:342:13)
    at /root/backend/node_modules/router/index.js:297:9
    at processParams (/root/backend/node_modules/router/index.js:582:12)
    at next (/root/backend/node_modules/router/index.js:291:5)
    at logger (/root/backend/node_modules/morgan/index.js:144:5)
Error: Error: Not allowed by CORS
    at origin (/root/backend/src/index.ts:31:16)
    at /root/backend/node_modules/cors/lib/index.js:219:13
    at optionsCallback (/root/backend/node_modules/cors/lib/index.js:199:9)
    at corsMiddleware (/root/backend/node_modules/cors/lib/index.js:204:7)
    at Layer.handleRequest (/root/backend/node_modules/router/lib/layer.js:152:17)
    at trimPrefix (/root/backend/node_modules/router/index.js:342:13)
    at /root/backend/node_modules/router/index.js:297:9
    at processParams (/root/backend/node_modules/router/index.js:582:12)
    at next (/root/backend/node_modules/router/index.js:291:5)
    at logger (/root/backend/node_modules/morgan/index.js:144:5)
ValidationError: The 'X-Forwarded-For' header is set but the Express 'trust proxy' setting is false (default). This could indicate a misconfiguration which would prevent express-rate-limit from accurately identifying users. See https://express-rate-limit.github.io/ERR_ERL_UNEXPECTED_X_FORWARDED_FOR/ for more information.
    at Object.xForwardedForHeader (/root/backend/node_modules/express-rate-limit/dist/index.cjs:371:13)
    at Object.wrappedValidations.<computed> [as xForwardedForHeader] (/root/backend/node_modules/express-rate-limit/dist/index.cjs:685:22)
    at Object.keyGenerator (/root/backend/node_modules/express-rate-limit/dist/index.cjs:788:20)
    at /root/backend/node_modules/express-rate-limit/dist/index.cjs:849:32
    at processTicksAndRejections (node:internal/process/task_queues:95:5)
    at /root/backend/node_modules/express-rate-limit/dist/index.cjs:830:5 {
  code: 'ERR_ERL_UNEXPECTED_X_FORWARDED_FOR',
  help: 'https://express-rate-limit.github.io/ERR_ERL_UNEXPECTED_X_FORWARDED_FOR/'
}
ValidationError: The 'X-Forwarded-For' header is set but the Express 'trust proxy' setting is false (default). This could indicate a misconfiguration which would prevent express-rate-limit from accurately identifying users. See https://express-rate-limit.github.io/ERR_ERL_UNEXPECTED_X_FORWARDED_FOR/ for more information.
    at Object.xForwardedForHeader (/root/backend/node_modules/express-rate-limit/dist/index.cjs:371:13)
    at Object.wrappedValidations.<computed> [as xForwardedForHeader] (/root/backend/node_modules/express-rate-limit/dist/index.cjs:685:22)
    at Object.keyGenerator (/root/backend/node_modules/express-rate-limit/dist/index.cjs:788:20)
    at /root/backend/node_modules/express-rate-limit/dist/index.cjs:849:32
    at processTicksAndRejections (node:internal/process/task_queues:95:5)
    at /root/backend/node_modules/express-rate-limit/dist/index.cjs:830:5 {
  code: 'ERR_ERL_UNEXPECTED_X_FORWARDED_FOR',
  help: 'https://express-rate-limit.github.io/ERR_ERL_UNEXPECTED_X_FORWARDED_FOR/'
}
Error: Error: Not allowed by CORS
    at origin (/root/backend/src/index.ts:31:16)
    at /root/backend/node_modules/cors/lib/index.js:219:13
    at optionsCallback (/root/backend/node_modules/cors/lib/index.js:199:9)
    at corsMiddleware (/root/backend/node_modules/cors/lib/index.js:204:7)
    at Layer.handleRequest (/root/backend/node_modules/router/lib/layer.js:152:17)
    at trimPrefix (/root/backend/node_modules/router/index.js:342:13)
    at /root/backend/node_modules/router/index.js:297:9
    at processParams (/root/backend/node_modules/router/index.js:582:12)
    at next (/root/backend/node_modules/router/index.js:291:5)
    at logger (/root/backend/node_modules/morgan/index.js:144:5)
Error: Error: Not allowed by CORS
    at origin (/root/backend/src/index.ts:31:16)
    at /root/backend/node_modules/cors/lib/index.js:219:13
    at optionsCallback (/root/backend/node_modules/cors/lib/index.js:199:9)
    at corsMiddleware (/root/backend/node_modules/cors/lib/index.js:204:7)
    at Layer.handleRequest (/root/backend/node_modules/router/lib/layer.js:152:17)
    at trimPrefix (/root/backend/node_modules/router/index.js:342:13)
    at /root/backend/node_modules/router/index.js:297:9
    at processParams (/root/backend/node_modules/router/index.js:582:12)
    at next (/root/backend/node_modules/router/index.js:291:5)
    at logger (/root/backend/node_modules/morgan/index.js:144:5)
Error: Error: Not allowed by CORS
    at origin (/root/backend/src/index.ts:31:16)
    at /root/backend/node_modules/cors/lib/index.js:219:13
    at optionsCallback (/root/backend/node_modules/cors/lib/index.js:199:9)
    at corsMiddleware (/root/backend/node_modules/cors/lib/index.js:204:7)
    at Layer.handleRequest (/root/backend/node_modules/router/lib/layer.js:152:17)
    at trimPrefix (/root/backend/node_modules/router/index.js:342:13)
    at /root/backend/node_modules/router/index.js:297:9
    at processParams (/root/backend/node_modules/router/index.js:582:12)
    at next (/root/backend/node_modules/router/index.js:291:5)
    at logger (/root/backend/node_modules/morgan/index.js:144:5)
Error: Error: Not allowed by CORS
    at origin (/root/backend/src/index.ts:31:16)
    at /root/backend/node_modules/cors/lib/index.js:219:13
    at optionsCallback (/root/backend/node_modules/cors/lib/index.js:199:9)
    at corsMiddleware (/root/backend/node_modules/cors/lib/index.js:204:7)
    at Layer.handleRequest (/root/backend/node_modules/router/lib/layer.js:152:17)
    at trimPrefix (/root/backend/node_modules/router/index.js:342:13)
    at /root/backend/node_modules/router/index.js:297:9
    at processParams (/root/backend/node_modules/router/index.js:582:12)
    at next (/root/backend/node_modules/router/index.js:291:5)
    at logger (/root/backend/node_modules/morgan/index.js:144:5)
Error: Error: Not allowed by CORS
    at origin (/root/backend/src/index.ts:31:16)
    at /root/backend/node_modules/cors/lib/index.js:219:13
    at optionsCallback (/root/backend/node_modules/cors/lib/index.js:199:9)
    at corsMiddleware (/root/backend/node_modules/cors/lib/index.js:204:7)
    at Layer.handleRequest (/root/backend/node_modules/router/lib/layer.js:152:17)
    at trimPrefix (/root/backend/node_modules/router/index.js:342:13)
    at /root/backend/node_modules/router/index.js:297:9
    at processParams (/root/backend/node_modules/router/index.js:582:12)
    at next (/root/backend/node_modules/router/index.js:291:5)
    at logger (/root/backend/node_modules/morgan/index.js:144:5)
Error: Error: Not allowed by CORS
    at origin (/root/backend/src/index.ts:31:16)
    at /root/backend/node_modules/cors/lib/index.js:219:13
    at optionsCallback (/root/backend/node_modules/cors/lib/index.js:199:9)
    at corsMiddleware (/root/backend/node_modules/cors/lib/index.js:204:7)
    at Layer.handleRequest (/root/backend/node_modules/router/lib/layer.js:152:17)
    at trimPrefix (/root/backend/node_modules/router/index.js:342:13)
    at /root/backend/node_modules/router/index.js:297:9
    at processParams (/root/backend/node_modules/router/index.js:582:12)
    at next (/root/backend/node_modules/router/index.js:291:5)
    at logger (/root/backend/node_modules/morgan/index.js:144:5)
Error: Error: Not allowed by CORS
    at origin (/root/backend/src/index.ts:31:16)
    at /root/backend/node_modules/cors/lib/index.js:219:13
    at optionsCallback (/root/backend/node_modules/cors/lib/index.js:199:9)
    at corsMiddleware (/root/backend/node_modules/cors/lib/index.js:204:7)
    at Layer.handleRequest (/root/backend/node_modules/router/lib/layer.js:152:17)
    at trimPrefix (/root/backend/node_modules/router/index.js:342:13)
    at /root/backend/node_modules/router/index.js:297:9
    at processParams (/root/backend/node_modules/router/index.js:582:12)
    at next (/root/backend/node_modules/router/index.js:291:5)
    at logger (/root/backend/node_modules/morgan/index.js:144:5)
Error: Error: Not allowed by CORS
    at origin (/root/backend/src/index.ts:31:16)
    at /root/backend/node_modules/cors/lib/index.js:219:13
    at optionsCallback (/root/backend/node_modules/cors/lib/index.js:199:9)
    at corsMiddleware (/root/backend/node_modules/cors/lib/index.js:204:7)
    at Layer.handleRequest (/root/backend/node_modules/router/lib/layer.js:152:17)
    at trimPrefix (/root/backend/node_modules/router/index.js:342:13)
    at /root/backend/node_modules/router/index.js:297:9
    at processParams (/root/backend/node_modules/router/index.js:582:12)
    at next (/root/backend/node_modules/router/index.js:291:5)
    at logger (/root/backend/node_modules/morgan/index.js:144:5)
Error: Error: Not allowed by CORS
    at origin (/root/backend/src/index.ts:31:16)
    at /root/backend/node_modules/cors/lib/index.js:219:13
    at optionsCallback (/root/backend/node_modules/cors/lib/index.js:199:9)
    at corsMiddleware (/root/backend/node_modules/cors/lib/index.js:204:7)
    at Layer.handleRequest (/root/backend/node_modules/router/lib/layer.js:152:17)
    at trimPrefix (/root/backend/node_modules/router/index.js:342:13)
    at /root/backend/node_modules/router/index.js:297:9
    at processParams (/root/backend/node_modules/router/index.js:582:12)
    at next (/root/backend/node_modules/router/index.js:291:5)
    at logger (/root/backend/node_modules/morgan/index.js:144:5)
ValidationError: The 'X-Forwarded-For' header is set but the Express 'trust proxy' setting is false (default). This could indicate a misconfiguration which would prevent express-rate-limit from accurately identifying users. See https://express-rate-limit.github.io/ERR_ERL_UNEXPECTED_X_FORWARDED_FOR/ for more information.
    at Object.xForwardedForHeader (/root/backend/node_modules/express-rate-limit/dist/index.cjs:371:13)
    at Object.wrappedValidations.<computed> [as xForwardedForHeader] (/root/backend/node_modules/express-rate-limit/dist/index.cjs:685:22)
    at Object.keyGenerator (/root/backend/node_modules/express-rate-limit/dist/index.cjs:788:20)
    at /root/backend/node_modules/express-rate-limit/dist/index.cjs:849:32
    at processTicksAndRejections (node:internal/process/task_queues:95:5)
    at /root/backend/node_modules/express-rate-limit/dist/index.cjs:830:5 {
  code: 'ERR_ERL_UNEXPECTED_X_FORWARDED_FOR',
  help: 'https://express-rate-limit.github.io/ERR_ERL_UNEXPECTED_X_FORWARDED_FOR/'
}
ValidationError: The 'X-Forwarded-For' header is set but the Express 'trust proxy' setting is false (default). This could indicate a misconfiguration which would prevent express-rate-limit from accurately identifying users. See https://express-rate-limit.github.io/ERR_ERL_UNEXPECTED_X_FORWARDED_FOR/ for more information.
    at Object.xForwardedForHeader (/root/backend/node_modules/express-rate-limit/dist/index.cjs:371:13)
    at Object.wrappedValidations.<computed> [as xForwardedForHeader] (/root/backend/node_modules/express-rate-limit/dist/index.cjs:685:22)
    at Object.keyGenerator (/root/backend/node_modules/express-rate-limit/dist/index.cjs:788:20)
    at /root/backend/node_modules/express-rate-limit/dist/index.cjs:849:32
    at processTicksAndRejections (node:internal/process/task_queues:95:5)
    at /root/backend/node_modules/express-rate-limit/dist/index.cjs:830:5 {
  code: 'ERR_ERL_UNEXPECTED_X_FORWARDED_FOR',
  help: 'https://express-rate-limit.github.io/ERR_ERL_UNEXPECTED_X_FORWARDED_FOR/'
}
ValidationError: The 'X-Forwarded-For' header is set but the Express 'trust proxy' setting is false (default). This could indicate a misconfiguration which would prevent express-rate-limit from accurately identifying users. See https://express-rate-limit.github.io/ERR_ERL_UNEXPECTED_X_FORWARDED_FOR/ for more information.
    at Object.xForwardedForHeader (/root/backend/node_modules/express-rate-limit/dist/index.cjs:371:13)
    at Object.wrappedValidations.<computed> [as xForwardedForHeader] (/root/backend/node_modules/express-rate-limit/dist/index.cjs:685:22)
    at Object.keyGenerator (/root/backend/node_modules/express-rate-limit/dist/index.cjs:788:20)
    at /root/backend/node_modules/express-rate-limit/dist/index.cjs:849:32
    at processTicksAndRejections (node:internal/process/task_queues:95:5)
    at /root/backend/node_modules/express-rate-limit/dist/index.cjs:830:5 {
  code: 'ERR_ERL_UNEXPECTED_X_FORWARDED_FOR',
  help: 'https://express-rate-limit.github.io/ERR_ERL_UNEXPECTED_X_FORWARDED_FOR/'
}
ValidationError: The 'X-Forwarded-For' header is set but the Express 'trust proxy' setting is false (default). This could indicate a misconfiguration which would prevent express-rate-limit from accurately identifying users. See https://express-rate-limit.github.io/ERR_ERL_UNEXPECTED_X_FORWARDED_FOR/ for more information.
    at Object.xForwardedForHeader (/root/backend/node_modules/express-rate-limit/dist/index.cjs:371:13)
    at Object.wrappedValidations.<computed> [as xForwardedForHeader] (/root/backend/node_modules/express-rate-limit/dist/index.cjs:685:22)
    at Object.keyGenerator (/root/backend/node_modules/express-rate-limit/dist/index.cjs:788:20)
    at /root/backend/node_modules/express-rate-limit/dist/index.cjs:849:32
    at processTicksAndRejections (node:internal/process/task_queues:95:5)
    at /root/backend/node_modules/express-rate-limit/dist/index.cjs:830:5 {
  code: 'ERR_ERL_UNEXPECTED_X_FORWARDED_FOR',
  help: 'https://express-rate-limit.github.io/ERR_ERL_UNEXPECTED_X_FORWARDED_FOR/'
}
Error unfollowing restaurant: PrismaClientKnownRequestError: 
Invalid `prisma.follower.delete()` invocation in
/root/backend/src/controllers/restaurantController.ts:168:37

  165     return;
  166 }
  167 
→ 168 await prisma.follower.delete(
An operation failed because it depends on one or more records that were required but not found. No record was found for a delete.
    at ei.handleRequestError (/root/backend/node_modules/@prisma/client/src/runtime/RequestHandler.ts:228:13)
    at ei.handleAndLogRequestError (/root/backend/node_modules/@prisma/client/src/runtime/RequestHandler.ts:174:12)
    at ei.request (/root/backend/node_modules/@prisma/client/src/runtime/RequestHandler.ts:143:12)
    at a (/root/backend/node_modules/@prisma/client/src/runtime/getPrismaClient.ts:833:24)
    at unfollowRestaurant (/root/backend/src/controllers/restaurantController.ts:168:9) {
  code: 'P2025',
  meta: { modelName: 'Follower', cause: 'No record was found for a delete.' },
  clientVersion: '6.19.0'
}
Error unfollowing restaurant: PrismaClientKnownRequestError: 
Invalid `prisma.follower.delete()` invocation in
/root/backend/src/controllers/restaurantController.ts:168:37

  165     return;
  166 }
  167 
→ 168 await prisma.follower.delete(
An operation failed because it depends on one or more records that were required but not found. No record was found for a delete.
    at ei.handleRequestError (/root/backend/node_modules/@prisma/client/src/runtime/RequestHandler.ts:228:13)
    at ei.handleAndLogRequestError (/root/backend/node_modules/@prisma/client/src/runtime/RequestHandler.ts:174:12)
    at ei.request (/root/backend/node_modules/@prisma/client/src/runtime/RequestHandler.ts:143:12)
    at a (/root/backend/node_modules/@prisma/client/src/runtime/getPrismaClient.ts:833:24)
    at unfollowRestaurant (/root/backend/src/controllers/restaurantController.ts:168:9) {
  code: 'P2025',
  meta: { modelName: 'Follower', cause: 'No record was found for a delete.' },
  clientVersion: '6.19.0'
}
Error unfollowing restaurant: PrismaClientKnownRequestError: 
Invalid `prisma.follower.delete()` invocation in
/root/backend/src/controllers/restaurantController.ts:168:37

  165     return;
  166 }
  167 
→ 168 await prisma.follower.delete(
An operation failed because it depends on one or more records that were required but not found. No record was found for a delete.
    at ei.handleRequestError (/root/backend/node_modules/@prisma/client/src/runtime/RequestHandler.ts:228:13)
    at ei.handleAndLogRequestError (/root/backend/node_modules/@prisma/client/src/runtime/RequestHandler.ts:174:12)
    at ei.request (/root/backend/node_modules/@prisma/client/src/runtime/RequestHandler.ts:143:12)
    at a (/root/backend/node_modules/@prisma/client/src/runtime/getPrismaClient.ts:833:24)
    at unfollowRestaurant (/root/backend/src/controllers/restaurantController.ts:168:9) {
  code: 'P2025',
  meta: { modelName: 'Follower', cause: 'No record was found for a delete.' },
  clientVersion: '6.19.0'
}
Error unfollowing restaurant: PrismaClientKnownRequestError: 
Invalid `prisma.follower.delete()` invocation in
/root/backend/src/controllers/restaurantController.ts:168:37

  165     return;
  166 }
  167 
→ 168 await prisma.follower.delete(
An operation failed because it depends on one or more records that were required but not found. No record was found for a delete.
    at ei.handleRequestError (/root/backend/node_modules/@prisma/client/src/runtime/RequestHandler.ts:228:13)
    at ei.handleAndLogRequestError (/root/backend/node_modules/@prisma/client/src/runtime/RequestHandler.ts:174:12)
    at ei.request (/root/backend/node_modules/@prisma/client/src/runtime/RequestHandler.ts:143:12)
    at a (/root/backend/node_modules/@prisma/client/src/runtime/getPrismaClient.ts:833:24)
    at unfollowRestaurant (/root/backend/src/controllers/restaurantController.ts:168:9) {
  code: 'P2025',
  meta: { modelName: 'Follower', cause: 'No record was found for a delete.' },
  clientVersion: '6.19.0'
}
Error: /root/backend/node_modules/better-sqlite3/build/Release/better_sqlite3.node: invalid ELF header
    at Object.Module._extensions..node (node:internal/modules/cjs/loader:1460:18)
    at Module.load (node:internal/modules/cjs/loader:1203:32)
    at Function.Module._load (node:internal/modules/cjs/loader:1019:12)
    at Module.require (node:internal/modules/cjs/loader:1231:19)
    at Module.Hook._require.Module.require (/usr/lib/node_modules/pm2/node_modules/require-in-the-middle/index.js:101:39)
    at require (node:internal/modules/helpers:177:18)
    at bindings (/root/backend/node_modules/bindings/bindings.js:112:48)
    at new Database (/root/backend/node_modules/better-sqlite3/lib/database.js:48:64)
    at createBetterSQLite3Client (/root/backend/node_modules/@prisma/adapter-better-sqlite3/dist/index.js:656:14)
    at PrismaBetterSQLite3AdapterFactory.connect (/root/backend/node_modules/@prisma/adapter-better-sqlite3/dist/index.js:644:59) {
  code: 'ERR_DLOPEN_FAILED'
}
ValidationError: The 'X-Forwarded-For' header is set but the Express 'trust proxy' setting is false (default). This could indicate a misconfiguration which would prevent express-rate-limit from accurately identifying users. See https://express-rate-limit.github.io/ERR_ERL_UNEXPECTED_X_FORWARDED_FOR/ for more information.
    at Object.xForwardedForHeader (/root/backend/node_modules/express-rate-limit/dist/index.cjs:371:13)
    at Object.wrappedValidations.<computed> [as xForwardedForHeader] (/root/backend/node_modules/express-rate-limit/dist/index.cjs:685:22)
    at Object.keyGenerator (/root/backend/node_modules/express-rate-limit/dist/index.cjs:788:20)
    at /root/backend/node_modules/express-rate-limit/dist/index.cjs:849:32
    at processTicksAndRejections (node:internal/process/task_queues:95:5)
    at /root/backend/node_modules/express-rate-limit/dist/index.cjs:830:5 {
  code: 'ERR_ERL_UNEXPECTED_X_FORWARDED_FOR',
  help: 'https://express-rate-limit.github.io/ERR_ERL_UNEXPECTED_X_FORWARDED_FOR/'
}
Error: PrismaClientKnownRequestError: 
Invalid `prisma.restaurant.findMany()` invocation in
/root/backend/src/controllers/restaurantController.ts:13:53

  10 const limit = parseInt(req.query.limit as string) || 20;
  11 const skip = (page - 1) * limit;
  12 
→ 13 const restaurants = await prisma.restaurant.findMany(
/root/backend/node_modules/better-sqlite3/build/Release/better_sqlite3.node: invalid ELF header
    at ei.handleRequestError (/root/backend/node_modules/@prisma/client/src/runtime/RequestHandler.ts:228:13)
    at ei.handleAndLogRequestError (/root/backend/node_modules/@prisma/client/src/runtime/RequestHandler.ts:174:12)
    at ei.request (/root/backend/node_modules/@prisma/client/src/runtime/RequestHandler.ts:143:12)
    at processTicksAndRejections (node:internal/process/task_queues:95:5)
    at a (/root/backend/node_modules/@prisma/client/src/runtime/getPrismaClient.ts:833:24)
    at getRestaurants (/root/backend/src/controllers/restaurantController.ts:13:29) {
  code: 'ERR_DLOPEN_FAILED',
  meta: { modelName: 'Restaurant' },
  clientVersion: '6.19.0'
}
(node:139652) PromiseRejectionHandledWarning: Promise rejection was handled asynchronously (rejection id: 1)
(Use `node --trace-warnings ...` to show where the warning was created)
Error: PrismaClientKnownRequestError: 
Invalid `prisma.restaurant.findMany()` invocation in
/root/backend/src/controllers/restaurantController.ts:13:53

  10 const limit = parseInt(req.query.limit as string) || 20;
  11 const skip = (page - 1) * limit;
  12 
→ 13 const restaurants = await prisma.restaurant.findMany(
/root/backend/node_modules/better-sqlite3/build/Release/better_sqlite3.node: invalid ELF header
    at ei.handleRequestError (/root/backend/node_modules/@prisma/client/src/runtime/RequestHandler.ts:228:13)
    at ei.handleAndLogRequestError (/root/backend/node_modules/@prisma/client/src/runtime/RequestHandler.ts:174:12)
    at ei.request (/root/backend/node_modules/@prisma/client/src/runtime/RequestHandler.ts:143:12)
    at processTicksAndRejections (node:internal/process/task_queues:95:5)
    at a (/root/backend/node_modules/@prisma/client/src/runtime/getPrismaClient.ts:833:24)
    at getRestaurants (/root/backend/src/controllers/restaurantController.ts:13:29) {
  code: 'ERR_DLOPEN_FAILED',
  meta: { modelName: 'Restaurant' },
  clientVersion: '6.19.0'
}
Error: PrismaClientKnownRequestError: 
Invalid `prisma.notification.findMany()` invocation in
/root/backend/src/controllers/notificationController.ts:13:57

  10     return;
  11 }
  12 
→ 13 const notifications = await prisma.notification.findMany(
/root/backend/node_modules/better-sqlite3/build/Release/better_sqlite3.node: invalid ELF header
    at ei.handleRequestError (/root/backend/node_modules/@prisma/client/src/runtime/RequestHandler.ts:228:13)
    at ei.handleAndLogRequestError (/root/backend/node_modules/@prisma/client/src/runtime/RequestHandler.ts:174:12)
    at ei.request (/root/backend/node_modules/@prisma/client/src/runtime/RequestHandler.ts:143:12)
    at processTicksAndRejections (node:internal/process/task_queues:95:5)
    at a (/root/backend/node_modules/@prisma/client/src/runtime/getPrismaClient.ts:833:24)
    at getNotifications (/root/backend/src/controllers/notificationController.ts:13:31) {
  code: 'ERR_DLOPEN_FAILED',
  meta: { modelName: 'Notification' },
  clientVersion: '6.19.0'
}
Error: PrismaClientKnownRequestError: 
Invalid `prisma.notification.findMany()` invocation in
/root/backend/src/controllers/notificationController.ts:13:57

  10     return;
  11 }
  12 
→ 13 const notifications = await prisma.notification.findMany(
/root/backend/node_modules/better-sqlite3/build/Release/better_sqlite3.node: invalid ELF header
    at ei.handleRequestError (/root/backend/node_modules/@prisma/client/src/runtime/RequestHandler.ts:228:13)
    at ei.handleAndLogRequestError (/root/backend/node_modules/@prisma/client/src/runtime/RequestHandler.ts:174:12)
    at ei.request (/root/backend/node_modules/@prisma/client/src/runtime/RequestHandler.ts:143:12)
    at processTicksAndRejections (node:internal/process/task_queues:95:5)
    at a (/root/backend/node_modules/@prisma/client/src/runtime/getPrismaClient.ts:833:24)
    at getNotifications (/root/backend/src/controllers/notificationController.ts:13:31) {
  code: 'ERR_DLOPEN_FAILED',
  meta: { modelName: 'Notification' },
  clientVersion: '6.19.0'
}
Error: PrismaClientKnownRequestError: 
Invalid `prisma.notification.findMany()` invocation in
/root/backend/src/controllers/notificationController.ts:13:57

  10     return;
  11 }
  12 
→ 13 const notifications = await prisma.notification.findMany(
/root/backend/node_modules/better-sqlite3/build/Release/better_sqlite3.node: invalid ELF header
    at ei.handleRequestError (/root/backend/node_modules/@prisma/client/src/runtime/RequestHandler.ts:228:13)
    at ei.handleAndLogRequestError (/root/backend/node_modules/@prisma/client/src/runtime/RequestHandler.ts:174:12)
    at ei.request (/root/backend/node_modules/@prisma/client/src/runtime/RequestHandler.ts:143:12)
    at processTicksAndRejections (node:internal/process/task_queues:95:5)
    at a (/root/backend/node_modules/@prisma/client/src/runtime/getPrismaClient.ts:833:24)
    at getNotifications (/root/backend/src/controllers/notificationController.ts:13:31) {
  code: 'ERR_DLOPEN_FAILED',
  meta: { modelName: 'Notification' },
  clientVersion: '6.19.0'
}
Error: PrismaClientKnownRequestError: 
Invalid `prisma.notification.findMany()` invocation in
/root/backend/src/controllers/notificationController.ts:13:57

  10     return;
  11 }
  12 
→ 13 const notifications = await prisma.notification.findMany(
/root/backend/node_modules/better-sqlite3/build/Release/better_sqlite3.node: invalid ELF header
    at ei.handleRequestError (/root/backend/node_modules/@prisma/client/src/runtime/RequestHandler.ts:228:13)
    at ei.handleAndLogRequestError (/root/backend/node_modules/@prisma/client/src/runtime/RequestHandler.ts:174:12)
    at ei.request (/root/backend/node_modules/@prisma/client/src/runtime/RequestHandler.ts:143:12)
    at processTicksAndRejections (node:internal/process/task_queues:95:5)
    at a (/root/backend/node_modules/@prisma/client/src/runtime/getPrismaClient.ts:833:24)
    at getNotifications (/root/backend/src/controllers/notificationController.ts:13:31) {
  code: 'ERR_DLOPEN_FAILED',
  meta: { modelName: 'Notification' },
  clientVersion: '6.19.0'
}
Error: PrismaClientKnownRequestError: 
Invalid `prisma.notification.findMany()` invocation in
/root/backend/src/controllers/notificationController.ts:13:57

  10     return;
  11 }
  12 
→ 13 const notifications = await prisma.notification.findMany(
/root/backend/node_modules/better-sqlite3/build/Release/better_sqlite3.node: invalid ELF header
    at ei.handleRequestError (/root/backend/node_modules/@prisma/client/src/runtime/RequestHandler.ts:228:13)
    at ei.handleAndLogRequestError (/root/backend/node_modules/@prisma/client/src/runtime/RequestHandler.ts:174:12)
    at ei.request (/root/backend/node_modules/@prisma/client/src/runtime/RequestHandler.ts:143:12)
    at processTicksAndRejections (node:internal/process/task_queues:95:5)
    at a (/root/backend/node_modules/@prisma/client/src/runtime/getPrismaClient.ts:833:24)
    at getNotifications (/root/backend/src/controllers/notificationController.ts:13:31) {
  code: 'ERR_DLOPEN_FAILED',
  meta: { modelName: 'Notification' },
  clientVersion: '6.19.0'
}
Error: PrismaClientKnownRequestError: 
Invalid `prisma.notification.findMany()` invocation in
/root/backend/src/controllers/notificationController.ts:13:57

  10     return;
  11 }
  12 
→ 13 const notifications = await prisma.notification.findMany(
/root/backend/node_modules/better-sqlite3/build/Release/better_sqlite3.node: invalid ELF header
    at ei.handleRequestError (/root/backend/node_modules/@prisma/client/src/runtime/RequestHandler.ts:228:13)
    at ei.handleAndLogRequestError (/root/backend/node_modules/@prisma/client/src/runtime/RequestHandler.ts:174:12)
    at ei.request (/root/backend/node_modules/@prisma/client/src/runtime/RequestHandler.ts:143:12)
    at processTicksAndRejections (node:internal/process/task_queues:95:5)
    at a (/root/backend/node_modules/@prisma/client/src/runtime/getPrismaClient.ts:833:24)
    at getNotifications (/root/backend/src/controllers/notificationController.ts:13:31) {
  code: 'ERR_DLOPEN_FAILED',
  meta: { modelName: 'Notification' },
  clientVersion: '6.19.0'
}
Error: PrismaClientKnownRequestError: 
Invalid `prisma.notification.findMany()` invocation in
/root/backend/src/controllers/notificationController.ts:13:57

  10     return;
  11 }
  12 
→ 13 const notifications = await prisma.notification.findMany(
/root/backend/node_modules/better-sqlite3/build/Release/better_sqlite3.node: invalid ELF header
    at ei.handleRequestError (/root/backend/node_modules/@prisma/client/src/runtime/RequestHandler.ts:228:13)
    at ei.handleAndLogRequestError (/root/backend/node_modules/@prisma/client/src/runtime/RequestHandler.ts:174:12)
    at ei.request (/root/backend/node_modules/@prisma/client/src/runtime/RequestHandler.ts:143:12)
    at processTicksAndRejections (node:internal/process/task_queues:95:5)
    at a (/root/backend/node_modules/@prisma/client/src/runtime/getPrismaClient.ts:833:24)
    at getNotifications (/root/backend/src/controllers/notificationController.ts:13:31) {
  code: 'ERR_DLOPEN_FAILED',
  meta: { modelName: 'Notification' },
  clientVersion: '6.19.0'
}
Error: PrismaClientKnownRequestError: 
Invalid `prisma.notification.findMany()` invocation in
/root/backend/src/controllers/notificationController.ts:13:57

  10     return;
  11 }
  12 
→ 13 const notifications = await prisma.notification.findMany(
/root/backend/node_modules/better-sqlite3/build/Release/better_sqlite3.node: invalid ELF header
    at ei.handleRequestError (/root/backend/node_modules/@prisma/client/src/runtime/RequestHandler.ts:228:13)
    at ei.handleAndLogRequestError (/root/backend/node_modules/@prisma/client/src/runtime/RequestHandler.ts:174:12)
    at ei.request (/root/backend/node_modules/@prisma/client/src/runtime/RequestHandler.ts:143:12)
    at processTicksAndRejections (node:internal/process/task_queues:95:5)
    at a (/root/backend/node_modules/@prisma/client/src/runtime/getPrismaClient.ts:833:24)
    at getNotifications (/root/backend/src/controllers/notificationController.ts:13:31) {
  code: 'ERR_DLOPEN_FAILED',
  meta: { modelName: 'Notification' },
  clientVersion: '6.19.0'
}
Error: PrismaClientKnownRequestError: 
Invalid `prisma.notification.findMany()` invocation in
/root/backend/src/controllers/notificationController.ts:13:57

  10     return;
  11 }
  12 
→ 13 const notifications = await prisma.notification.findMany(
/root/backend/node_modules/better-sqlite3/build/Release/better_sqlite3.node: invalid ELF header
    at ei.handleRequestError (/root/backend/node_modules/@prisma/client/src/runtime/RequestHandler.ts:228:13)
    at ei.handleAndLogRequestError (/root/backend/node_modules/@prisma/client/src/runtime/RequestHandler.ts:174:12)
    at ei.request (/root/backend/node_modules/@prisma/client/src/runtime/RequestHandler.ts:143:12)
    at processTicksAndRejections (node:internal/process/task_queues:95:5)
    at a (/root/backend/node_modules/@prisma/client/src/runtime/getPrismaClient.ts:833:24)
    at getNotifications (/root/backend/src/controllers/notificationController.ts:13:31) {
  code: 'ERR_DLOPEN_FAILED',
  meta: { modelName: 'Notification' },
  clientVersion: '6.19.0'
}
Error: PrismaClientKnownRequestError: 
Invalid `prisma.notification.findMany()` invocation in
/root/backend/src/controllers/notificationController.ts:13:57

  10     return;
  11 }
  12 
→ 13 const notifications = await prisma.notification.findMany(
/root/backend/node_modules/better-sqlite3/build/Release/better_sqlite3.node: invalid ELF header
    at ei.handleRequestError (/root/backend/node_modules/@prisma/client/src/runtime/RequestHandler.ts:228:13)
    at ei.handleAndLogRequestError (/root/backend/node_modules/@prisma/client/src/runtime/RequestHandler.ts:174:12)
    at ei.request (/root/backend/node_modules/@prisma/client/src/runtime/RequestHandler.ts:143:12)
    at processTicksAndRejections (node:internal/process/task_queues:95:5)
    at a (/root/backend/node_modules/@prisma/client/src/runtime/getPrismaClient.ts:833:24)
    at getNotifications (/root/backend/src/controllers/notificationController.ts:13:31) {
  code: 'ERR_DLOPEN_FAILED',
  meta: { modelName: 'Notification' },
  clientVersion: '6.19.0'
}
Error: PrismaClientKnownRequestError: 
Invalid `prisma.notification.findMany()` invocation in
/root/backend/src/controllers/notificationController.ts:13:57

  10     return;
  11 }
  12 
→ 13 const notifications = await prisma.notification.findMany(
/root/backend/node_modules/better-sqlite3/build/Release/better_sqlite3.node: invalid ELF header
    at ei.handleRequestError (/root/backend/node_modules/@prisma/client/src/runtime/RequestHandler.ts:228:13)
    at ei.handleAndLogRequestError (/root/backend/node_modules/@prisma/client/src/runtime/RequestHandler.ts:174:12)
    at ei.request (/root/backend/node_modules/@prisma/client/src/runtime/RequestHandler.ts:143:12)
    at processTicksAndRejections (node:internal/process/task_queues:95:5)
    at a (/root/backend/node_modules/@prisma/client/src/runtime/getPrismaClient.ts:833:24)
    at getNotifications (/root/backend/src/controllers/notificationController.ts:13:31) {
  code: 'ERR_DLOPEN_FAILED',
  meta: { modelName: 'Notification' },
  clientVersion: '6.19.0'
}
Error: PrismaClientKnownRequestError: 
Invalid `prisma.notification.findMany()` invocation in
/root/backend/src/controllers/notificationController.ts:13:57

  10     return;
  11 }
  12 
→ 13 const notifications = await prisma.notification.findMany(
/root/backend/node_modules/better-sqlite3/build/Release/better_sqlite3.node: invalid ELF header
    at ei.handleRequestError (/root/backend/node_modules/@prisma/client/src/runtime/RequestHandler.ts:228:13)
    at ei.handleAndLogRequestError (/root/backend/node_modules/@prisma/client/src/runtime/RequestHandler.ts:174:12)
    at ei.request (/root/backend/node_modules/@prisma/client/src/runtime/RequestHandler.ts:143:12)
    at processTicksAndRejections (node:internal/process/task_queues:95:5)
    at a (/root/backend/node_modules/@prisma/client/src/runtime/getPrismaClient.ts:833:24)
    at getNotifications (/root/backend/src/controllers/notificationController.ts:13:31) {
  code: 'ERR_DLOPEN_FAILED',
  meta: { modelName: 'Notification' },
  clientVersion: '6.19.0'
}
Error: PrismaClientKnownRequestError: 
Invalid `prisma.notification.findMany()` invocation in
/root/backend/src/controllers/notificationController.ts:13:57

  10     return;
  11 }
  12 
→ 13 const notifications = await prisma.notification.findMany(
/root/backend/node_modules/better-sqlite3/build/Release/better_sqlite3.node: invalid ELF header
    at ei.handleRequestError (/root/backend/node_modules/@prisma/client/src/runtime/RequestHandler.ts:228:13)
    at ei.handleAndLogRequestError (/root/backend/node_modules/@prisma/client/src/runtime/RequestHandler.ts:174:12)
    at ei.request (/root/backend/node_modules/@prisma/client/src/runtime/RequestHandler.ts:143:12)
    at processTicksAndRejections (node:internal/process/task_queues:95:5)
    at a (/root/backend/node_modules/@prisma/client/src/runtime/getPrismaClient.ts:833:24)
    at getNotifications (/root/backend/src/controllers/notificationController.ts:13:31) {
  code: 'ERR_DLOPEN_FAILED',
  meta: { modelName: 'Notification' },
  clientVersion: '6.19.0'
}
Error: PrismaClientKnownRequestError: 
Invalid `prisma.notification.findMany()` invocation in
/root/backend/src/controllers/notificationController.ts:13:57

  10     return;
  11 }
  12 
→ 13 const notifications = await prisma.notification.findMany(
/root/backend/node_modules/better-sqlite3/build/Release/better_sqlite3.node: invalid ELF header
    at ei.handleRequestError (/root/backend/node_modules/@prisma/client/src/runtime/RequestHandler.ts:228:13)
    at ei.handleAndLogRequestError (/root/backend/node_modules/@prisma/client/src/runtime/RequestHandler.ts:174:12)
    at ei.request (/root/backend/node_modules/@prisma/client/src/runtime/RequestHandler.ts:143:12)
    at processTicksAndRejections (node:internal/process/task_queues:95:5)
    at a (/root/backend/node_modules/@prisma/client/src/runtime/getPrismaClient.ts:833:24)
    at getNotifications (/root/backend/src/controllers/notificationController.ts:13:31) {
  code: 'ERR_DLOPEN_FAILED',
  meta: { modelName: 'Notification' },
  clientVersion: '6.19.0'
}
Error: PrismaClientKnownRequestError: 
Invalid `prisma.notification.findMany()` invocation in
/root/backend/src/controllers/notificationController.ts:13:57

  10     return;
  11 }
  12 
→ 13 const notifications = await prisma.notification.findMany(
/root/backend/node_modules/better-sqlite3/build/Release/better_sqlite3.node: invalid ELF header
    at ei.handleRequestError (/root/backend/node_modules/@prisma/client/src/runtime/RequestHandler.ts:228:13)
    at ei.handleAndLogRequestError (/root/backend/node_modules/@prisma/client/src/runtime/RequestHandler.ts:174:12)
    at ei.request (/root/backend/node_modules/@prisma/client/src/runtime/RequestHandler.ts:143:12)
    at processTicksAndRejections (node:internal/process/task_queues:95:5)
    at a (/root/backend/node_modules/@prisma/client/src/runtime/getPrismaClient.ts:833:24)
    at getNotifications (/root/backend/src/controllers/notificationController.ts:13:31) {
  code: 'ERR_DLOPEN_FAILED',
  meta: { modelName: 'Notification' },
  clientVersion: '6.19.0'
}
Error: PrismaClientKnownRequestError: 
Invalid `prisma.notification.findMany()` invocation in
/root/backend/src/controllers/notificationController.ts:13:57

  10     return;
  11 }
  12 
→ 13 const notifications = await prisma.notification.findMany(
/root/backend/node_modules/better-sqlite3/build/Release/better_sqlite3.node: invalid ELF header
    at ei.handleRequestError (/root/backend/node_modules/@prisma/client/src/runtime/RequestHandler.ts:228:13)
    at ei.handleAndLogRequestError (/root/backend/node_modules/@prisma/client/src/runtime/RequestHandler.ts:174:12)
    at ei.request (/root/backend/node_modules/@prisma/client/src/runtime/RequestHandler.ts:143:12)
    at processTicksAndRejections (node:internal/process/task_queues:95:5)
    at a (/root/backend/node_modules/@prisma/client/src/runtime/getPrismaClient.ts:833:24)
    at getNotifications (/root/backend/src/controllers/notificationController.ts:13:31) {
  code: 'ERR_DLOPEN_FAILED',
  meta: { modelName: 'Notification' },
  clientVersion: '6.19.0'
}
Error: PrismaClientKnownRequestError: 
Invalid `prisma.notification.findMany()` invocation in
/root/backend/src/controllers/notificationController.ts:13:57

  10     return;
  11 }
  12 
→ 13 const notifications = await prisma.notification.findMany(
/root/backend/node_modules/better-sqlite3/build/Release/better_sqlite3.node: invalid ELF header
    at ei.handleRequestError (/root/backend/node_modules/@prisma/client/src/runtime/RequestHandler.ts:228:13)
    at ei.handleAndLogRequestError (/root/backend/node_modules/@prisma/client/src/runtime/RequestHandler.ts:174:12)
    at ei.request (/root/backend/node_modules/@prisma/client/src/runtime/RequestHandler.ts:143:12)
    at processTicksAndRejections (node:internal/process/task_queues:95:5)
    at a (/root/backend/node_modules/@prisma/client/src/runtime/getPrismaClient.ts:833:24)
    at getNotifications (/root/backend/src/controllers/notificationController.ts:13:31) {
  code: 'ERR_DLOPEN_FAILED',
  meta: { modelName: 'Notification' },
  clientVersion: '6.19.0'
}
ValidationError: The 'X-Forwarded-For' header is set but the Express 'trust proxy' setting is false (default). This could indicate a misconfiguration which would prevent express-rate-limit from accurately identifying users. See https://express-rate-limit.github.io/ERR_ERL_UNEXPECTED_X_FORWARDED_FOR/ for more information.
    at Object.xForwardedForHeader (/root/backend/node_modules/express-rate-limit/dist/index.cjs:371:13)
    at Object.wrappedValidations.<computed> [as xForwardedForHeader] (/root/backend/node_modules/express-rate-limit/dist/index.cjs:685:22)
    at Object.keyGenerator (/root/backend/node_modules/express-rate-limit/dist/index.cjs:788:20)
    at /root/backend/node_modules/express-rate-limit/dist/index.cjs:849:32
    at processTicksAndRejections (node:internal/process/task_queues:95:5)
    at /root/backend/node_modules/express-rate-limit/dist/index.cjs:830:5 {
  code: 'ERR_ERL_UNEXPECTED_X_FORWARDED_FOR',
  help: 'https://express-rate-limit.github.io/ERR_ERL_UNEXPECTED_X_FORWARDED_FOR/'
}
ValidationError: The 'X-Forwarded-For' header is set but the Express 'trust proxy' setting is false (default). This could indicate a misconfiguration which would prevent express-rate-limit from accurately identifying users. See https://express-rate-limit.github.io/ERR_ERL_UNEXPECTED_X_FORWARDED_FOR/ for more information.
    at Object.xForwardedForHeader (/root/backend/node_modules/express-rate-limit/dist/index.cjs:371:13)
    at Object.wrappedValidations.<computed> [as xForwardedForHeader] (/root/backend/node_modules/express-rate-limit/dist/index.cjs:685:22)
    at Object.keyGenerator (/root/backend/node_modules/express-rate-limit/dist/index.cjs:788:20)
    at /root/backend/node_modules/express-rate-limit/dist/index.cjs:849:32
    at processTicksAndRejections (node:internal/process/task_queues:95:5)
    at /root/backend/node_modules/express-rate-limit/dist/index.cjs:830:5 {
  code: 'ERR_ERL_UNEXPECTED_X_FORWARDED_FOR',
  help: 'https://express-rate-limit.github.io/ERR_ERL_UNEXPECTED_X_FORWARDED_FOR/'
}
Error sending push notification: Error: getaddrinfo EAI_AGAIN web.push.apple.com
    at GetAddrInfoReqWrap.onlookupall [as oncomplete] (node:dns:122:26) {
  errno: -3001,
  code: 'EAI_AGAIN',
  syscall: 'getaddrinfo',
  hostname: 'web.push.apple.com'
}
Error sending push notification: Error: getaddrinfo EAI_AGAIN updates.push.services.mozilla.com
    at GetAddrInfoReqWrap.onlookupall [as oncomplete] (node:dns:122:26) {
  errno: -3001,
  code: 'EAI_AGAIN',
  syscall: 'getaddrinfo',
  hostname: 'updates.push.services.mozilla.com'
}
Error sending push notification: Error: getaddrinfo EAI_AGAIN web.push.apple.com
    at GetAddrInfoReqWrap.onlookupall [as oncomplete] (node:dns:122:26) {
  errno: -3001,
  code: 'EAI_AGAIN',
  syscall: 'getaddrinfo',
  hostname: 'web.push.apple.com'
}
