2026-03-21T22:13:37: PM2 log: ===============================================================================
2026-03-21T22:13:37: PM2 log: --- New PM2 Daemon started ----------------------------------------------------
2026-03-21T22:13:37: PM2 log: Time                 : Sat Mar 21 2026 22:13:37 GMT+0100 (Central European Standard Time)
2026-03-21T22:13:37: PM2 log: PM2 version          : 6.0.14
2026-03-21T22:13:37: PM2 log: Node.js version      : 18.20.8
2026-03-21T22:13:37: PM2 log: Current arch         : x64
2026-03-21T22:13:37: PM2 log: PM2 home             : /root/.pm2
2026-03-21T22:13:37: PM2 log: PM2 PID file         : /root/.pm2/pm2.pid
2026-03-21T22:13:37: PM2 log: RPC socket file      : /root/.pm2/rpc.sock
2026-03-21T22:13:37: PM2 log: BUS socket file      : /root/.pm2/pub.sock
2026-03-21T22:13:37: PM2 log: Application log path : /root/.pm2/logs
2026-03-21T22:13:37: PM2 log: Worker Interval      : 30000
2026-03-21T22:13:37: PM2 log: Process dump file    : /root/.pm2/dump.pm2
2026-03-21T22:13:37: PM2 log: Concurrent actions   : 2
2026-03-21T22:13:37: PM2 log: SIGTERM timeout      : 1600
2026-03-21T22:13:37: PM2 log: Runtime Binary       : /usr/bin/node
2026-03-21T22:13:37: PM2 log: ===============================================================================
2026-03-21T22:13:37: PM2 log: App [mora-backend:0] starting in -fork mode-
2026-03-21T22:13:37: PM2 log: App [mora-backend:0] online
2026-03-21T23:44:25: PM2 log: Stopping app:mora-backend id:0
2026-03-21T23:44:25: PM2 log: App [mora-backend:0] exited with code [0] via signal [SIGINT]
2026-03-21T23:44:25: PM2 log: pid=10297 msg=process killed
2026-03-21T23:44:25: PM2 log: App [mora-backend:0] starting in -fork mode-
2026-03-21T23:44:25: PM2 log: App [mora-backend:0] online
2026-03-21T23:57:24: PM2 log: Stopping app:mora-backend id:0
2026-03-21T23:57:24: PM2 log: App [mora-backend:0] exited with code [0] via signal [SIGINT]
2026-03-21T23:57:25: PM2 log: pid=11094 msg=process killed
2026-03-21T23:57:25: PM2 log: App [mora-backend:0] starting in -fork mode-
2026-03-21T23:57:25: PM2 log: App [mora-backend:0] online
2026-03-22T07:51:22: PM2 log: Stopping app:mora-backend id:0
2026-03-22T07:51:22: PM2 log: App [mora-backend:0] exited with code [0] via signal [SIGINT]
2026-03-22T07:51:22: PM2 log: pid=11256 msg=process killed
2026-03-22T07:51:22: PM2 log: App [mora-backend:0] starting in -fork mode-
2026-03-22T07:51:22: PM2 log: App [mora-backend:0] online
2026-03-25T18:04:22: PM2 log: Stopping app:mora-backend id:0
2026-03-25T18:04:23: PM2 log: App [mora-backend:0] exited with code [0] via signal [SIGINT]
2026-03-25T18:04:23: PM2 log: pid=16251 msg=process killed
2026-03-25T18:04:23: PM2 log: App [mora-backend:0] starting in -fork mode-
2026-03-25T18:04:23: PM2 log: App [mora-backend:0] online
2026-03-30T18:07:23: PM2 log: App [mora-backend:0] exited with code [0] via signal [SIGSEGV]
2026-03-30T18:07:23: PM2 log: App [mora-backend:0] starting in -fork mode-
2026-03-30T18:07:23: PM2 log: App [mora-backend:0] online
2026-03-30T18:24:17: PM2 log: Stopping app:mora-backend id:0
2026-03-30T18:24:17: PM2 log: App [mora-backend:0] exited with code [0] via signal [SIGINT]
2026-03-30T18:24:17: PM2 log: pid=139652 msg=process killed
2026-03-30T18:24:17: PM2 log: App [mora-backend:0] starting in -fork mode-
2026-03-30T18:24:17: PM2 log: App [mora-backend:0] online
