0 verbose cli /usr/bin/node /usr/bin/npm
1 info using npm@10.8.2
2 info using node@v20.20.0
3 silly config load:file:/usr/lib/node_modules/npm/npmrc
4 silly config load:file:/root/backend/.npmrc
5 silly config load:file:/root/.npmrc
6 silly config load:file:/usr/etc/npmrc
7 verbose title npm install prisma@6.19.2 @prisma/client@6.19.2
8 verbose argv "install" "prisma@6.19.2" "@prisma/client@6.19.2"
9 verbose logfile logs-max:10 dir:/root/.npm/_logs/2026-03-30T16_18_02_428Z-
10 verbose logfile /root/.npm/_logs/2026-03-30T16_18_02_428Z-debug-0.log
11 silly packumentCache heap:2197815296 maxSize:549453824 maxEntrySize:274726912
12 silly logfile start cleaning logs, removing 1 files
13 silly logfile done cleaning log files
14 silly idealTree buildDeps
15 silly fetch manifest prisma@6.19.2
16 silly packumentCache full:https://registry.npmjs.org/prisma cache-miss
17 http fetch GET 200 https://registry.npmjs.org/prisma 764ms (cache miss)
18 silly packumentCache full:https://registry.npmjs.org/prisma set size:undefined disposed:false
19 silly fetch manifest typescript@^5.9.3
20 silly packumentCache full:https://registry.npmjs.org/typescript cache-miss
21 http fetch GET 200 https://registry.npmjs.org/typescript 48ms (cache hit)
22 silly packumentCache full:https://registry.npmjs.org/typescript set size:15395755 disposed:false
23 silly fetch manifest @prisma/client@6.19.2
24 silly packumentCache full:https://registry.npmjs.org/@prisma%2fclient cache-miss
25 http fetch GET 200 https://registry.npmjs.org/@prisma%2fclient 826ms (cache miss)
26 silly packumentCache full:https://registry.npmjs.org/@prisma%2fclient set size:undefined disposed:false
27 silly placeDep ROOT @prisma/client@6.19.2 OK for: backend@1.0.0 want: 6.19.2
28 silly placeDep ROOT prisma@6.19.2 OK for: backend@1.0.0 want: 6.19.2
29 silly fetch manifest @prisma/config@6.19.2
30 silly packumentCache full:https://registry.npmjs.org/@prisma%2fconfig cache-miss
31 silly fetch manifest @prisma/engines@6.19.2
32 silly packumentCache full:https://registry.npmjs.org/@prisma%2fengines cache-miss
33 http fetch GET 200 https://registry.npmjs.org/@prisma%2fconfig 121ms (cache miss)
34 silly packumentCache full:https://registry.npmjs.org/@prisma%2fconfig set size:undefined disposed:false
35 http fetch GET 200 https://registry.npmjs.org/@prisma%2fengines 415ms (cache miss)
36 silly packumentCache full:https://registry.npmjs.org/@prisma%2fengines set size:undefined disposed:false
37 silly placeDep ROOT @prisma/config@6.19.2 OK for: prisma@6.19.2 want: 6.19.2
38 silly placeDep ROOT @prisma/engines@6.19.2 OK for: prisma@6.19.2 want: 6.19.2
39 silly fetch manifest c12@3.1.0
40 silly packumentCache full:https://registry.npmjs.org/c12 cache-miss
41 silly fetch manifest effect@3.18.4
42 silly packumentCache full:https://registry.npmjs.org/effect cache-miss
43 silly fetch manifest empathic@2.0.0
44 silly packumentCache full:https://registry.npmjs.org/empathic cache-miss
45 http fetch GET 200 https://registry.npmjs.org/c12 49ms (cache miss)
46 silly packumentCache full:https://registry.npmjs.org/c12 set size:undefined disposed:false
47 silly fetch manifest deepmerge-ts@7.1.5
48 silly packumentCache full:https://registry.npmjs.org/deepmerge-ts cache-miss
49 http fetch GET 200 https://registry.npmjs.org/empathic 76ms (cache miss)
50 silly packumentCache full:https://registry.npmjs.org/empathic set size:undefined disposed:false
51 silly fetch manifest @prisma/fetch-engine@6.19.2
52 silly packumentCache full:https://registry.npmjs.org/@prisma%2ffetch-engine cache-miss
53 http fetch GET 200 https://registry.npmjs.org/deepmerge-ts 42ms (cache miss)
54 silly packumentCache full:https://registry.npmjs.org/deepmerge-ts set size:undefined disposed:false
55 silly fetch manifest @prisma/get-platform@6.19.2
56 silly packumentCache full:https://registry.npmjs.org/@prisma%2fget-platform cache-miss
57 http fetch GET 200 https://registry.npmjs.org/effect 344ms (cache miss)
58 silly packumentCache full:https://registry.npmjs.org/effect set size:undefined disposed:false
59 silly fetch manifest @prisma/engines-version@7.1.1-3.c2990dca591cba766e3b7ef5d9e8a84796e47ab7
60 silly packumentCache full:https://registry.npmjs.org/@prisma%2fengines-version cache-miss
61 http fetch GET 200 https://registry.npmjs.org/@prisma%2fengines-version 380ms (cache miss)
62 silly packumentCache full:https://registry.npmjs.org/@prisma%2fengines-version set size:undefined disposed:false
63 http fetch GET 200 https://registry.npmjs.org/@prisma%2fget-platform 962ms (cache miss)
64 silly packumentCache full:https://registry.npmjs.org/@prisma%2fget-platform set size:undefined disposed:false
65 http fetch GET 200 https://registry.npmjs.org/@prisma%2ffetch-engine 1311ms (cache miss)
66 silly packumentCache full:https://registry.npmjs.org/@prisma%2ffetch-engine set size:undefined disposed:false
67 silly fetch manifest magicast@^0.3.5
68 silly packumentCache full:https://registry.npmjs.org/magicast cache-miss
69 http fetch GET 200 https://registry.npmjs.org/magicast 35ms (cache miss)
70 silly packumentCache full:https://registry.npmjs.org/magicast set size:undefined disposed:false
71 silly placeDep ROOT c12@3.1.0 OK for: @prisma/config@6.19.2 want: 3.1.0
72 silly placeDep ROOT deepmerge-ts@7.1.5 OK for: @prisma/config@6.19.2 want: 7.1.5
73 silly placeDep ROOT effect@3.18.4 OK for: @prisma/config@6.19.2 want: 3.18.4
74 silly placeDep ROOT empathic@2.0.0 OK for: @prisma/config@6.19.2 want: 2.0.0
75 silly fetch manifest rc9@^2.1.2
76 silly packumentCache full:https://registry.npmjs.org/rc9 cache-miss
77 silly fetch manifest defu@^6.1.4
78 silly packumentCache full:https://registry.npmjs.org/defu cache-miss
79 silly fetch manifest jiti@^2.4.2
80 silly packumentCache full:https://registry.npmjs.org/jiti cache-miss
81 http fetch GET 200 https://registry.npmjs.org/rc9 42ms (cache miss)
82 silly packumentCache full:https://registry.npmjs.org/rc9 set size:undefined disposed:false
83 silly fetch manifest giget@^2.0.0
84 silly packumentCache full:https://registry.npmjs.org/giget cache-miss
85 http fetch GET 200 https://registry.npmjs.org/defu 44ms (cache miss)
86 silly packumentCache full:https://registry.npmjs.org/defu set size:undefined disposed:false
87 silly fetch manifest ohash@^2.0.11
88 silly packumentCache full:https://registry.npmjs.org/ohash cache-miss
89 http fetch GET 200 https://registry.npmjs.org/jiti 52ms (cache miss)
90 silly packumentCache full:https://registry.npmjs.org/jiti set size:undefined disposed:false
91 silly fetch manifest pathe@^2.0.3
92 silly packumentCache full:https://registry.npmjs.org/pathe cache-miss
93 http fetch GET 200 https://registry.npmjs.org/giget 37ms (cache miss)
94 silly packumentCache full:https://registry.npmjs.org/giget set size:undefined disposed:false
95 silly fetch manifest dotenv@^16.6.1
96 silly packumentCache full:https://registry.npmjs.org/dotenv cache-miss
97 http fetch GET 200 https://registry.npmjs.org/ohash 48ms (cache miss)
98 silly packumentCache full:https://registry.npmjs.org/ohash set size:undefined disposed:false
99 silly fetch manifest confbox@^0.2.2
100 silly packumentCache full:https://registry.npmjs.org/confbox cache-miss
101 http fetch GET 200 https://registry.npmjs.org/dotenv 14ms (cache hit)
102 silly packumentCache full:https://registry.npmjs.org/dotenv set size:270065 disposed:false
103 silly fetch manifest exsolve@^1.0.7
104 silly packumentCache full:https://registry.npmjs.org/exsolve cache-miss
105 http fetch GET 200 https://registry.npmjs.org/pathe 52ms (cache miss)
106 silly packumentCache full:https://registry.npmjs.org/pathe set size:undefined disposed:false
107 silly fetch manifest chokidar@^4.0.3
108 silly packumentCache full:https://registry.npmjs.org/chokidar cache-miss
109 http fetch GET 200 https://registry.npmjs.org/chokidar 5ms (cache hit)
110 silly packumentCache full:https://registry.npmjs.org/chokidar set size:255902 disposed:false
111 silly fetch manifest pkg-types@^2.2.0
112 silly packumentCache full:https://registry.npmjs.org/pkg-types cache-miss
113 http fetch GET 200 https://registry.npmjs.org/confbox 52ms (cache miss)
114 silly packumentCache full:https://registry.npmjs.org/confbox set size:undefined disposed:false
115 silly fetch manifest perfect-debounce@^1.0.0
116 silly packumentCache full:https://registry.npmjs.org/perfect-debounce cache-miss
117 http fetch GET 200 https://registry.npmjs.org/exsolve 48ms (cache miss)
118 silly packumentCache full:https://registry.npmjs.org/exsolve set size:undefined disposed:false
119 silly fetch manifest fast-check@^3.23.1
120 silly packumentCache full:https://registry.npmjs.org/fast-check cache-miss
121 http fetch GET 200 https://registry.npmjs.org/pkg-types 38ms (cache miss)
122 silly packumentCache full:https://registry.npmjs.org/pkg-types set size:undefined disposed:false
123 silly fetch manifest @standard-schema/spec@^1.0.0
124 silly packumentCache full:https://registry.npmjs.org/@standard-schema%2fspec cache-miss
125 http fetch GET 200 https://registry.npmjs.org/perfect-debounce 31ms (cache miss)
126 silly packumentCache full:https://registry.npmjs.org/perfect-debounce set size:undefined disposed:false
127 http fetch GET 200 https://registry.npmjs.org/fast-check 45ms (cache miss)
128 silly packumentCache full:https://registry.npmjs.org/fast-check set size:undefined disposed:false
129 http fetch GET 200 https://registry.npmjs.org/@standard-schema%2fspec 55ms (cache miss)
130 silly packumentCache full:https://registry.npmjs.org/@standard-schema%2fspec set size:undefined disposed:false
131 silly placeDep ROOT @prisma/engines-version@7.1.1-3.c2990dca591cba766e3b7ef5d9e8a84796e47ab7 OK for: @prisma/engines@6.19.2 want: 7.1.1-3.c2990dca591cba766e3b7ef5d9e8a84796e47ab7
132 silly placeDep ROOT @prisma/fetch-engine@6.19.2 OK for: @prisma/engines@6.19.2 want: 6.19.2
133 silly placeDep ROOT @prisma/get-platform@6.19.2 OK for: @prisma/engines@6.19.2 want: 6.19.2
134 silly placeDep node_modules/c12 chokidar@4.0.3 OK for: c12@3.1.0 want: ^4.0.3
135 silly placeDep ROOT confbox@0.2.4 OK for: c12@3.1.0 want: ^0.2.2
136 silly placeDep ROOT defu@6.1.4 OK for: c12@3.1.0 want: ^6.1.4
137 silly placeDep node_modules/c12 dotenv@16.6.1 OK for: c12@3.1.0 want: ^16.6.1
138 silly placeDep ROOT exsolve@1.0.8 OK for: c12@3.1.0 want: ^1.0.7
139 silly placeDep ROOT giget@2.0.0 OK for: c12@3.1.0 want: ^2.0.0
140 silly placeDep ROOT jiti@2.6.1 OK for: c12@3.1.0 want: ^2.4.2
141 silly placeDep ROOT ohash@2.0.11 OK for: c12@3.1.0 want: ^2.0.11
142 silly placeDep ROOT pathe@2.0.3 OK for: c12@3.1.0 want: ^2.0.3
143 silly placeDep ROOT perfect-debounce@1.0.0 OK for: c12@3.1.0 want: ^1.0.0
144 silly placeDep ROOT pkg-types@2.3.0 OK for: c12@3.1.0 want: ^2.2.0
145 silly placeDep ROOT rc9@2.1.2 OK for: c12@3.1.0 want: ^2.1.2
146 silly fetch manifest readdirp@^4.0.1
147 silly packumentCache full:https://registry.npmjs.org/readdirp cache-miss
148 silly fetch manifest nypm@^0.6.0
149 silly packumentCache full:https://registry.npmjs.org/nypm cache-miss
150 silly fetch manifest citty@^0.1.6
151 silly packumentCache full:https://registry.npmjs.org/citty cache-miss
152 http fetch GET 200 https://registry.npmjs.org/readdirp 8ms (cache hit)
153 silly packumentCache full:https://registry.npmjs.org/readdirp set size:107589 disposed:false
154 silly fetch manifest consola@^3.4.0
155 silly packumentCache full:https://registry.npmjs.org/consola cache-miss
156 http fetch GET 200 https://registry.npmjs.org/citty 38ms (cache miss)
157 silly packumentCache full:https://registry.npmjs.org/citty set size:undefined disposed:false
158 silly fetch manifest node-fetch-native@^1.6.6
159 silly packumentCache full:https://registry.npmjs.org/node-fetch-native cache-miss
160 http fetch GET 200 https://registry.npmjs.org/nypm 47ms (cache miss)
161 silly packumentCache full:https://registry.npmjs.org/nypm set size:undefined disposed:false
162 silly fetch manifest destr@^2.0.3
163 silly packumentCache full:https://registry.npmjs.org/destr cache-miss
164 http fetch GET 200 https://registry.npmjs.org/consola 45ms (cache miss)
165 silly packumentCache full:https://registry.npmjs.org/consola set size:undefined disposed:false
166 http fetch GET 200 https://registry.npmjs.org/node-fetch-native 39ms (cache miss)
167 silly packumentCache full:https://registry.npmjs.org/node-fetch-native set size:undefined disposed:false
168 http fetch GET 200 https://registry.npmjs.org/destr 33ms (cache miss)
169 silly packumentCache full:https://registry.npmjs.org/destr set size:undefined disposed:false
170 silly placeDep ROOT @standard-schema/spec@1.1.0 OK for: effect@3.18.4 want: ^1.0.0
171 silly placeDep ROOT fast-check@3.23.2 OK for: effect@3.18.4 want: ^3.23.1
172 silly fetch manifest pure-rand@^6.1.0
173 silly packumentCache full:https://registry.npmjs.org/pure-rand cache-miss
174 http fetch GET 200 https://registry.npmjs.org/pure-rand 44ms (cache miss)
175 silly packumentCache full:https://registry.npmjs.org/pure-rand set size:undefined disposed:false
176 silly placeDep ROOT pure-rand@6.1.0 OK for: fast-check@3.23.2 want: ^6.1.0
177 silly placeDep ROOT citty@0.1.6 OK for: giget@2.0.0 want: ^0.1.6
178 silly placeDep ROOT consola@3.4.2 OK for: giget@2.0.0 want: ^3.4.0
179 silly placeDep ROOT node-fetch-native@1.6.7 OK for: giget@2.0.0 want: ^1.6.6
180 silly placeDep ROOT nypm@0.6.5 OK for: giget@2.0.0 want: ^0.6.0
181 silly fetch manifest consola@^3.2.3
182 silly packumentCache full:https://registry.npmjs.org/consola cache-miss
183 silly fetch manifest citty@^0.2.0
184 silly packumentCache full:https://registry.npmjs.org/citty cache-miss
185 silly fetch manifest tinyexec@^1.0.2
186 silly packumentCache full:https://registry.npmjs.org/tinyexec cache-miss
187 http fetch GET 200 https://registry.npmjs.org/citty 8ms (cache hit)
188 silly packumentCache full:https://registry.npmjs.org/citty set size:31399 disposed:false
189 http fetch GET 200 https://registry.npmjs.org/consola 9ms (cache hit)
190 silly packumentCache full:https://registry.npmjs.org/consola set size:324648 disposed:false
191 http fetch GET 200 https://registry.npmjs.org/tinyexec 33ms (cache miss)
192 silly packumentCache full:https://registry.npmjs.org/tinyexec set size:undefined disposed:false
193 silly placeDep node_modules/nypm citty@0.2.1 OK for: nypm@0.6.5 want: ^0.2.0
194 silly placeDep ROOT tinyexec@1.0.4 OK for: nypm@0.6.5 want: ^1.0.2
195 silly placeDep ROOT destr@2.0.5 OK for: rc9@2.1.2 want: ^2.0.3
196 silly placeDep node_modules/c12 readdirp@4.1.2 OK for: chokidar@4.0.3 want: ^4.0.1
197 silly reify moves {}
198 silly audit bulk request {
198 silly audit   '@cspotcode/source-map-support': [ '0.8.1' ],
198 silly audit   '@esbuild/aix-ppc64': [ '0.27.4' ],
198 silly audit   '@esbuild/android-arm': [ '0.27.4' ],
198 silly audit   '@esbuild/android-arm64': [ '0.27.4' ],
198 silly audit   '@esbuild/android-x64': [ '0.27.4' ],
198 silly audit   '@esbuild/darwin-arm64': [ '0.27.4' ],
198 silly audit   '@esbuild/darwin-x64': [ '0.27.4' ],
198 silly audit   '@esbuild/freebsd-arm64': [ '0.27.4' ],
198 silly audit   '@esbuild/freebsd-x64': [ '0.27.4' ],
198 silly audit   '@esbuild/linux-arm': [ '0.27.4' ],
198 silly audit   '@esbuild/linux-arm64': [ '0.27.4' ],
198 silly audit   '@esbuild/linux-ia32': [ '0.27.4' ],
198 silly audit   '@esbuild/linux-loong64': [ '0.27.4' ],
198 silly audit   '@esbuild/linux-mips64el': [ '0.27.4' ],
198 silly audit   '@esbuild/linux-ppc64': [ '0.27.4' ],
198 silly audit   '@esbuild/linux-riscv64': [ '0.27.4' ],
198 silly audit   '@esbuild/linux-s390x': [ '0.27.4' ],
198 silly audit   '@esbuild/linux-x64': [ '0.27.4' ],
198 silly audit   '@esbuild/netbsd-arm64': [ '0.27.4' ],
198 silly audit   '@esbuild/netbsd-x64': [ '0.27.4' ],
198 silly audit   '@esbuild/openbsd-arm64': [ '0.27.4' ],
198 silly audit   '@esbuild/openbsd-x64': [ '0.27.4' ],
198 silly audit   '@esbuild/openharmony-arm64': [ '0.27.4' ],
198 silly audit   '@esbuild/sunos-x64': [ '0.27.4' ],
198 silly audit   '@esbuild/win32-arm64': [ '0.27.4' ],
198 silly audit   '@esbuild/win32-ia32': [ '0.27.4' ],
198 silly audit   '@esbuild/win32-x64': [ '0.27.4' ],
198 silly audit   '@fastify/otel': [ '0.17.1' ],
198 silly audit   '@opentelemetry/api-logs': [ '0.212.0', '0.213.0', '0.207.0' ],
198 silly audit   '@opentelemetry/instrumentation': [ '0.212.0', '0.213.0', '0.207.0' ],
198 silly audit   'import-in-the-middle': [ '2.0.6', '3.0.0' ],
198 silly audit   '@jridgewell/resolve-uri': [ '3.1.2' ],
198 silly audit   '@jridgewell/sourcemap-codec': [ '1.5.5' ],
198 silly audit   '@jridgewell/trace-mapping': [ '0.3.9' ],
198 silly audit   '@opentelemetry/api': [ '1.9.1' ],
198 silly audit   '@opentelemetry/context-async-hooks': [ '2.6.1' ],
198 silly audit   '@opentelemetry/core': [ '2.6.1', '2.6.0' ],
198 silly audit   '@opentelemetry/instrumentation-amqplib': [ '0.60.0' ],
198 silly audit   '@opentelemetry/instrumentation-connect': [ '0.56.0' ],
198 silly audit   '@opentelemetry/instrumentation-dataloader': [ '0.30.0' ],
198 silly audit   '@opentelemetry/instrumentation-express': [ '0.61.0' ],
198 silly audit   '@opentelemetry/instrumentation-fs': [ '0.32.0' ],
198 silly audit   '@opentelemetry/instrumentation-generic-pool': [ '0.56.0' ],
198 silly audit   '@opentelemetry/instrumentation-graphql': [ '0.61.0' ],
198 silly audit   '@opentelemetry/instrumentation-hapi': [ '0.59.0' ],
198 silly audit   '@opentelemetry/instrumentation-http': [ '0.213.0' ],
198 silly audit   '@opentelemetry/instrumentation-ioredis': [ '0.61.0' ],
198 silly audit   '@opentelemetry/instrumentation-kafkajs': [ '0.22.0' ],
198 silly audit   '@opentelemetry/instrumentation-knex': [ '0.57.0' ],
198 silly audit   '@opentelemetry/instrumentation-koa': [ '0.61.0' ],
198 silly audit   '@opentelemetry/instrumentation-lru-memoizer': [ '0.57.0' ],
198 silly audit   '@opentelemetry/instrumentation-mongodb': [ '0.66.0' ],
198 silly audit   '@opentelemetry/instrumentation-mongoose': [ '0.59.0' ],
198 silly audit   '@opentelemetry/instrumentation-mysql': [ '0.59.0' ],
198 silly audit   '@opentelemetry/instrumentation-mysql2': [ '0.59.0' ],
198 silly audit   '@opentelemetry/instrumentation-pg': [ '0.65.0' ],
198 silly audit   '@opentelemetry/instrumentation-redis': [ '0.61.0' ],
198 silly audit   '@opentelemetry/instrumentation-tedious': [ '0.32.0' ],
198 silly audit   '@opentelemetry/instrumentation-undici': [ '0.23.0' ],
198 silly audit   '@opentelemetry/redis-common': [ '0.38.2' ],
198 silly audit   '@opentelemetry/resources': [ '2.6.1' ],
198 silly audit   '@opentelemetry/sdk-trace-base': [ '2.6.1' ],
198 silly audit   '@opentelemetry/semantic-conventions': [ '1.40.0' ],
198 silly audit   '@opentelemetry/sql-common': [ '0.41.2' ],
198 silly audit   '@prisma/adapter-better-sqlite3': [ '6.19.2' ],
198 silly audit   '@prisma/debug': [ '6.19.2' ],
198 silly audit   '@prisma/driver-adapter-utils': [ '6.19.2' ],
198 silly audit   '@prisma/instrumentation': [ '7.4.2' ],
198 silly audit   '@sentry-internal/browser-utils': [ '10.46.0' ],
198 silly audit   '@sentry-internal/feedback': [ '10.46.0' ],
198 silly audit   '@sentry-internal/node-cpu-profiler': [ '2.2.0' ],
198 silly audit   '@sentry-internal/replay': [ '10.46.0' ],
198 silly audit   '@sentry-internal/replay-canvas': [ '10.46.0' ],
198 silly audit   '@sentry/browser': [ '10.46.0' ],
198 silly audit   '@sentry/core': [ '10.46.0' ],
198 silly audit   '@sentry/node': [ '10.46.0' ],
198 silly audit   '@sentry/node-core': [ '10.46.0' ],
198 silly audit   '@sentry/opentelemetry': [ '10.46.0' ],
198 silly audit   '@sentry/profiling-node': [ '10.46.0' ],
198 silly audit   '@sentry/react': [ '10.46.0' ],
198 silly audit   '@tsconfig/node10': [ '1.0.12' ],
198 silly audit   '@tsconfig/node12': [ '1.0.11' ],
198 silly audit   '@tsconfig/node14': [ '1.0.3' ],
198 silly audit   '@tsconfig/node16': [ '1.0.4' ],
198 silly audit   '@types/bcryptjs': [ '2.4.6' ],
198 silly audit   '@types/body-parser': [ '1.19.6' ],
198 silly audit   '@types/connect': [ '3.4.38' ],
198 silly audit   '@types/cors': [ '2.8.19' ],
198 silly audit   '@types/express': [ '5.0.6' ],
198 silly audit   '@types/express-rate-limit': [ '5.1.3' ],
198 silly audit   '@types/express-serve-static-core': [ '5.1.1' ],
198 silly audit   '@types/helmet': [ '0.0.48' ],
198 silly audit   '@types/http-errors': [ '2.0.5' ],
198 silly audit   '@types/jsonwebtoken': [ '9.0.10' ],
198 silly audit   '@types/morgan': [ '1.9.10' ],
198 silly audit   '@types/ms': [ '2.1.0' ],
198 silly audit   '@types/multer': [ '2.1.0' ],
198 silly audit   '@types/mysql': [ '2.15.27' ],
198 silly audit   '@types/node': [ '25.5.0' ],
198 silly audit   '@types/nodemailer': [ '7.0.11' ],
198 silly audit   '@types/pg': [ '8.15.6' ],
198 silly audit   '@types/pg-pool': [ '2.0.7' ],
198 silly audit   '@types/qs': [ '6.15.0' ],
198 silly audit   '@types/range-parser': [ '1.2.7' ],
198 silly audit   '@types/send': [ '1.2.1' ],
198 silly audit   '@types/serve-static': [ '2.2.0' ],
198 silly audit   '@types/strip-bom': [ '3.0.0' ],
198 silly audit   '@types/strip-json-comments': [ '0.0.30' ],
198 silly audit   '@types/tedious': [ '4.0.14' ],
198 silly audit   '@types/web-push': [ '3.6.4' ],
198 silly audit   accepts: [ '2.0.0' ],
198 silly audit   acorn: [ '8.16.0' ],
198 silly audit   'acorn-import-attributes': [ '1.9.5' ],
198 silly audit   'acorn-walk': [ '8.3.5' ],
198 silly audit   'agent-base': [ '7.1.4' ],
198 silly audit   anymatch: [ '3.1.3' ],
198 silly audit   'append-field': [ '1.0.0' ],
198 silly audit   arg: [ '4.1.3' ],
198 silly audit   'asn1.js': [ '5.4.1' ],
198 silly audit   'balanced-match': [ '4.0.4', '1.0.2' ],
198 silly audit   'base64-js': [ '1.5.1' ],
198 silly audit   'basic-auth': [ '2.0.1' ],
198 silly audit   'safe-buffer': [ '5.1.2', '5.2.1' ],
198 silly audit   bcryptjs: [ '3.0.3' ],
198 silly audit   'better-sqlite3': [ '11.10.0' ],
198 silly audit   'binary-extensions': [ '2.3.0' ],
198 silly audit   bindings: [ '1.5.0' ],
198 silly audit   bl: [ '4.1.0' ],
198 silly audit   'bn.js': [ '4.12.3' ],
198 silly audit   'body-parser': [ '2.2.2' ],
198 silly audit   'brace-expansion': [ '5.0.5', '1.1.13' ],
198 silly audit   braces: [ '3.0.3' ],
198 silly audit   buffer: [ '5.7.1' ],
198 silly audit   'buffer-equal-constant-time': [ '1.0.1' ],
198 silly audit   'buffer-from': [ '1.1.2' ],
198 silly audit   busboy: [ '1.6.0' ],
198 silly audit   bytes: [ '3.1.2' ],
198 silly audit   'call-bind-apply-helpers': [ '1.0.2' ],
198 silly audit   'call-bound': [ '1.0.4' ],
198 silly audit   chokidar: [ '3.6.0', '4.0.3' ],
198 silly audit   chownr: [ '1.1.4' ],
198 silly audit   'cjs-module-lexer': [ '2.2.0' ],
198 silly audit   'concat-map': [ '0.0.1' ],
198 silly audit   'concat-stream': [ '2.0.0' ],
198 silly audit   'content-disposition': [ '1.0.1' ],
198 silly audit   'content-type': [ '1.0.5' ],
198 silly audit   cookie: [ '0.7.2' ],
198 silly audit   'cookie-signature': [ '1.2.2' ],
198 silly audit   cors: [ '2.8.6' ],
198 silly audit   'create-require': [ '1.1.1' ],
198 silly audit   debug: [ '4.4.3', '2.6.9' ],
198 silly audit   'decompress-response': [ '6.0.0' ],
198 silly audit   'deep-extend': [ '0.6.0' ],
198 silly audit   depd: [ '2.0.0' ],
198 silly audit   'detect-libc': [ '2.1.2' ],
198 silly audit   diff: [ '4.0.4' ],
198 silly audit   dotenv: [ '17.3.1', '16.6.1' ],
198 silly audit   'dunder-proto': [ '1.0.1' ],
198 silly audit   'dynamic-dedupe': [ '0.3.0' ],
198 silly audit   'ecdsa-sig-formatter': [ '1.0.11' ],
198 silly audit   'ee-first': [ '1.1.1' ],
198 silly audit   encodeurl: [ '2.0.0' ],
198 silly audit   'end-of-stream': [ '1.4.5' ],
198 silly audit   'es-define-property': [ '1.0.1' ],
198 silly audit   'es-errors': [ '1.3.0' ],
198 silly audit   'es-object-atoms': [ '1.1.1' ],
198 silly audit   esbuild: [ '0.27.4' ],
198 silly audit   'escape-html': [ '1.0.3' ],
198 silly audit   etag: [ '1.8.1' ],
198 silly audit   'expand-template': [ '2.0.3' ],
198 silly audit   express: [ '5.2.1' ],
198 silly audit   'express-rate-limit': [ '8.3.1' ],
198 silly audit   'file-uri-to-path': [ '1.0.0' ],
198 silly audit   'fill-range': [ '7.1.1' ],
198 silly audit   finalhandler: [ '2.1.1' ],
198 silly audit   forwarded: [ '0.2.0' ],
198 silly audit   'forwarded-parse': [ '2.1.2' ],
198 silly audit   fresh: [ '2.0.0' ],
198 silly audit   'fs-constants': [ '1.0.0' ],
198 silly audit   'fs.realpath': [ '1.0.0' ],
198 silly audit   fsevents: [ '2.3.3' ],
198 silly audit   'function-bind': [ '1.1.2' ],
198 silly audit   'get-intrinsic': [ '1.3.0' ],
198 silly audit   'get-proto': [ '1.0.1' ],
198 silly audit   'get-tsconfig': [ '4.13.7' ],
198 silly audit   'github-from-package': [ '0.0.0' ],
198 silly audit   glob: [ '7.2.3' ],
198 silly audit   'glob-parent': [ '5.1.2' ],
198 silly audit   minimatch: [ '3.1.5', '10.2.4' ],
198 silly audit   gopd: [ '1.2.0' ],
198 silly audit   'has-symbols': [ '1.1.0' ],
198 silly audit   hasown: [ '2.0.2' ],
198 silly audit   helmet: [ '8.1.0' ],
198 silly audit   http_ece: [ '1.2.0' ],
198 silly audit   'http-errors': [ '2.0.1' ],
198 silly audit   'https-proxy-agent': [ '7.0.6' ],
198 silly audit   'iconv-lite': [ '0.7.2' ],
198 silly audit   ieee754: [ '1.2.1' ],
198 silly audit   inflight: [ '1.0.6' ],
198 silly audit   inherits: [ '2.0.4' ],
198 silly audit   ini: [ '1.3.8' ],
198 silly audit   'ip-address': [ '10.1.0' ],
198 silly audit   'ipaddr.js': [ '1.9.1' ],
198 silly audit   'is-binary-path': [ '2.1.0' ],
198 silly audit   'is-core-module': [ '2.16.1' ],
198 silly audit   'is-extglob': [ '2.1.1' ],
198 silly audit   'is-glob': [ '4.0.3' ],
198 silly audit   'is-number': [ '7.0.0' ],
198 silly audit   'is-promise': [ '4.0.0' ],
198 silly audit   jsonwebtoken: [ '9.0.3' ],
198 silly audit   jwa: [ '2.0.1' ],
198 silly audit   jws: [ '4.0.1' ],
198 silly audit   'lodash.includes': [ '4.3.0' ],
198 silly audit   'lodash.isboolean': [ '3.0.3' ],
198 silly audit   'lodash.isinteger': [ '4.0.4' ],
198 silly audit   'lodash.isnumber': [ '3.0.3' ],
198 silly audit   'lodash.isplainobject': [ '4.0.6' ],
198 silly audit   'lodash.isstring': [ '4.0.1' ],
198 silly audit   'lodash.once': [ '4.1.1' ],
198 silly audit   'make-error': [ '1.3.6' ],
198 silly audit   'math-intrinsics': [ '1.1.0' ],
198 silly audit   'media-typer': [ '1.1.0', '0.3.0' ],
198 silly audit   'merge-descriptors': [ '2.0.0' ],
198 silly audit   'mime-db': [ '1.54.0', '1.52.0' ],
198 silly audit   'mime-types': [ '3.0.2', '2.1.35' ],
198 silly audit   'mimic-response': [ '3.1.0' ],
198 silly audit   'minimalistic-assert': [ '1.0.1' ],
198 silly audit   minimist: [ '1.2.8' ],
198 silly audit   mkdirp: [ '1.0.4' ],
198 silly audit   'mkdirp-classic': [ '0.5.3' ],
198 silly audit   'module-details-from-path': [ '1.0.4' ],
198 silly audit   morgan: [ '1.10.1' ],
198 silly audit   ms: [ '2.0.0', '2.1.3' ],
198 silly audit   'on-finished': [ '2.3.0', '2.4.1' ],
198 silly audit   multer: [ '2.1.1' ],
198 silly audit   'type-is': [ '1.6.18', '2.0.1' ],
198 silly audit   'napi-build-utils': [ '2.0.0' ],
198 silly audit   negotiator: [ '1.0.0' ],
198 silly audit   'node-abi': [ '3.89.0' ],
198 silly audit   nodemailer: [ '8.0.4' ],
198 silly audit   'normalize-path': [ '3.0.0' ],
198 silly audit   'object-assign': [ '4.1.1' ],
198 silly audit   'object-inspect': [ '1.13.4' ],
198 silly audit   'on-headers': [ '1.1.0' ],
198 silly audit   once: [ '1.4.0' ],
198 silly audit   parseurl: [ '1.3.3' ],
198 silly audit   'path-is-absolute': [ '1.0.1' ],
198 silly audit   'path-parse': [ '1.0.7' ],
198 silly audit   'path-to-regexp': [ '8.4.0' ],
198 silly audit   'pg-int8': [ '1.0.1' ],
198 silly audit   'pg-protocol': [ '1.13.0' ],
198 silly audit   'pg-types': [ '2.2.0' ],
198 silly audit   picomatch: [ '2.3.2' ],
198 silly audit   'postgres-array': [ '2.0.0' ],
198 silly audit   'postgres-bytea': [ '1.0.1' ],
198 silly audit   'postgres-date': [ '1.0.7' ],
198 silly audit   'postgres-interval': [ '1.2.0' ],
198 silly audit   'prebuild-install': [ '7.1.3' ],
198 silly audit   'proxy-addr': [ '2.0.7' ],
198 silly audit   pump: [ '3.0.4' ],
198 silly audit   qs: [ '6.15.0' ],
198 silly audit   'range-parser': [ '1.2.1' ],
198 silly audit   'raw-body': [ '3.0.2' ],
198 silly audit   rc: [ '1.2.8' ],
198 silly audit   react: [ '19.2.4' ],
198 silly audit   'readable-stream': [ '3.6.2' ],
198 silly audit   readdirp: [ '3.6.0', '4.1.2' ],
198 silly audit   'require-in-the-middle': [ '8.0.1' ],
198 silly audit   resolve: [ '1.22.11' ],
198 silly audit   'resolve-pkg-maps': [ '1.0.0' ],
198 silly audit   rimraf: [ '2.7.1' ],
198 silly audit   router: [ '2.2.0' ],
198 silly audit   'safer-buffer': [ '2.1.2' ],
198 silly audit   semver: [ '7.7.4' ],
198 silly audit   send: [ '1.2.1' ],
198 silly audit   'serve-static': [ '2.2.1' ],
198 silly audit   setprototypeof: [ '1.2.0' ],
198 silly audit   'side-channel': [ '1.1.0' ],
198 silly audit   'side-channel-list': [ '1.0.0' ],
198 silly audit   'side-channel-map': [ '1.0.1' ],
198 silly audit   'side-channel-weakmap': [ '1.0.2' ],
198 silly audit   'simple-concat': [ '1.0.1' ],
198 silly audit   'simple-get': [ '4.0.1' ],
198 silly audit   'source-map': [ '0.6.1' ],
198 silly audit   'source-map-support': [ '0.5.21' ],
198 silly audit   statuses: [ '2.0.2' ],
198 silly audit   streamsearch: [ '1.1.0' ],
198 silly audit   string_decoder: [ '1.3.0' ],
198 silly audit   'strip-bom': [ '3.0.0' ],
198 silly audit   'strip-json-comments': [ '2.0.1' ],
198 silly audit   'supports-preserve-symlinks-flag': [ '1.0.0' ],
198 silly audit   'tar-fs': [ '2.1.4' ],
198 silly audit   'tar-stream': [ '2.2.0' ],
198 silly audit   'to-regex-range': [ '5.0.1' ],
198 silly audit   toidentifier: [ '1.0.1' ],
198 silly audit   'tree-kill': [ '1.2.2' ],
198 silly audit   'ts-node': [ '10.9.2' ],
198 silly audit   'ts-node-dev': [ '2.0.0' ],
198 silly audit   tsconfig: [ '7.0.0' ],
198 silly audit   tsx: [ '4.21.0' ],
198 silly audit   'tunnel-agent': [ '0.6.0' ],
198 silly audit   typedarray: [ '0.0.6' ],
198 silly audit   typescript: [ '5.9.3' ],
198 silly audit   'undici-types': [ '7.18.2' ],
198 silly audit   unpipe: [ '1.0.0' ],
198 silly audit   'util-deprecate': [ '1.0.2' ],
198 silly audit   'v8-compile-cache-lib': [ '3.0.1' ],
198 silly audit   vary: [ '1.1.2' ],
198 silly audit   'web-push': [ '3.6.7' ],
198 silly audit   wrappy: [ '1.0.2' ],
198 silly audit   xtend: [ '4.0.2' ],
198 silly audit   yn: [ '3.1.1' ],
198 silly audit   zod: [ '4.3.6' ],
198 silly audit   '@prisma/client': [ '6.19.2' ],
198 silly audit   prisma: [ '6.19.2' ],
198 silly audit   '@prisma/config': [ '6.19.2' ],
198 silly audit   '@prisma/engines': [ '6.19.2' ],
198 silly audit   c12: [ '3.1.0' ],
198 silly audit   'deepmerge-ts': [ '7.1.5' ],
198 silly audit   effect: [ '3.18.4' ],
198 silly audit   empathic: [ '2.0.0' ],
198 silly audit   '@prisma/engines-version': [ '7.1.1-3.c2990dca591cba766e3b7ef5d9e8a84796e47ab7' ],
198 silly audit   '@prisma/fetch-engine': [ '6.19.2' ],
198 silly audit   '@prisma/get-platform': [ '6.19.2' ],
198 silly audit   confbox: [ '0.2.4' ],
198 silly audit   defu: [ '6.1.4' ],
198 silly audit   exsolve: [ '1.0.8' ],
198 silly audit   giget: [ '2.0.0' ],
198 silly audit   jiti: [ '2.6.1' ],
198 silly audit   ohash: [ '2.0.11' ],
198 silly audit   pathe: [ '2.0.3' ],
198 silly audit   'perfect-debounce': [ '1.0.0' ],
198 silly audit   'pkg-types': [ '2.3.0' ],
198 silly audit   rc9: [ '2.1.2' ],
198 silly audit   '@standard-schema/spec': [ '1.1.0' ],
198 silly audit   'fast-check': [ '3.23.2' ],
198 silly audit   'pure-rand': [ '6.1.0' ],
198 silly audit   citty: [ '0.1.6', '0.2.1' ],
198 silly audit   consola: [ '3.4.2' ],
198 silly audit   'node-fetch-native': [ '1.6.7' ],
198 silly audit   nypm: [ '0.6.5' ],
198 silly audit   tinyexec: [ '1.0.4' ],
198 silly audit   destr: [ '2.0.5' ]
198 silly audit }
199 verbose reify failed optional dependency /root/backend/node_modules/fsevents
200 silly reify mark deleted [ '/root/backend/node_modules/fsevents' ]
201 verbose reify failed optional dependency /root/backend/node_modules/@esbuild/win32-x64
202 silly reify mark deleted [ '/root/backend/node_modules/@esbuild/win32-x64' ]
203 verbose reify failed optional dependency /root/backend/node_modules/@esbuild/win32-ia32
204 silly reify mark deleted [ '/root/backend/node_modules/@esbuild/win32-ia32' ]
205 verbose reify failed optional dependency /root/backend/node_modules/@esbuild/win32-arm64
206 silly reify mark deleted [ '/root/backend/node_modules/@esbuild/win32-arm64' ]
207 verbose reify failed optional dependency /root/backend/node_modules/@esbuild/sunos-x64
208 silly reify mark deleted [ '/root/backend/node_modules/@esbuild/sunos-x64' ]
209 verbose reify failed optional dependency /root/backend/node_modules/@esbuild/openharmony-arm64
210 silly reify mark deleted [ '/root/backend/node_modules/@esbuild/openharmony-arm64' ]
211 verbose reify failed optional dependency /root/backend/node_modules/@esbuild/openbsd-x64
212 silly reify mark deleted [ '/root/backend/node_modules/@esbuild/openbsd-x64' ]
213 verbose reify failed optional dependency /root/backend/node_modules/@esbuild/openbsd-arm64
214 silly reify mark deleted [ '/root/backend/node_modules/@esbuild/openbsd-arm64' ]
215 verbose reify failed optional dependency /root/backend/node_modules/@esbuild/netbsd-x64
216 silly reify mark deleted [ '/root/backend/node_modules/@esbuild/netbsd-x64' ]
217 verbose reify failed optional dependency /root/backend/node_modules/@esbuild/netbsd-arm64
218 silly reify mark deleted [ '/root/backend/node_modules/@esbuild/netbsd-arm64' ]
219 verbose reify failed optional dependency /root/backend/node_modules/@esbuild/linux-s390x
220 silly reify mark deleted [ '/root/backend/node_modules/@esbuild/linux-s390x' ]
221 verbose reify failed optional dependency /root/backend/node_modules/@esbuild/linux-riscv64
222 silly reify mark deleted [ '/root/backend/node_modules/@esbuild/linux-riscv64' ]
223 verbose reify failed optional dependency /root/backend/node_modules/@esbuild/linux-ppc64
224 silly reify mark deleted [ '/root/backend/node_modules/@esbuild/linux-ppc64' ]
225 verbose reify failed optional dependency /root/backend/node_modules/@esbuild/linux-mips64el
226 silly reify mark deleted [ '/root/backend/node_modules/@esbuild/linux-mips64el' ]
227 verbose reify failed optional dependency /root/backend/node_modules/@esbuild/linux-loong64
228 silly reify mark deleted [ '/root/backend/node_modules/@esbuild/linux-loong64' ]
229 verbose reify failed optional dependency /root/backend/node_modules/@esbuild/linux-ia32
230 silly reify mark deleted [ '/root/backend/node_modules/@esbuild/linux-ia32' ]
231 verbose reify failed optional dependency /root/backend/node_modules/@esbuild/linux-arm64
232 silly reify mark deleted [ '/root/backend/node_modules/@esbuild/linux-arm64' ]
233 verbose reify failed optional dependency /root/backend/node_modules/@esbuild/linux-arm
234 silly reify mark deleted [ '/root/backend/node_modules/@esbuild/linux-arm' ]
235 verbose reify failed optional dependency /root/backend/node_modules/@esbuild/freebsd-x64
236 silly reify mark deleted [ '/root/backend/node_modules/@esbuild/freebsd-x64' ]
237 verbose reify failed optional dependency /root/backend/node_modules/@esbuild/freebsd-arm64
238 silly reify mark deleted [ '/root/backend/node_modules/@esbuild/freebsd-arm64' ]
239 verbose reify failed optional dependency /root/backend/node_modules/@esbuild/darwin-x64
240 silly reify mark deleted [ '/root/backend/node_modules/@esbuild/darwin-x64' ]
241 verbose reify failed optional dependency /root/backend/node_modules/@esbuild/darwin-arm64
242 silly reify mark deleted [ '/root/backend/node_modules/@esbuild/darwin-arm64' ]
243 verbose reify failed optional dependency /root/backend/node_modules/@esbuild/android-x64
244 silly reify mark deleted [ '/root/backend/node_modules/@esbuild/android-x64' ]
245 verbose reify failed optional dependency /root/backend/node_modules/@esbuild/android-arm64
246 silly reify mark deleted [ '/root/backend/node_modules/@esbuild/android-arm64' ]
247 verbose reify failed optional dependency /root/backend/node_modules/@esbuild/android-arm
248 silly reify mark deleted [ '/root/backend/node_modules/@esbuild/android-arm' ]
249 verbose reify failed optional dependency /root/backend/node_modules/@esbuild/aix-ppc64
250 silly reify mark deleted [ '/root/backend/node_modules/@esbuild/aix-ppc64' ]
251 silly tarball no local data for nypm@https://registry.npmjs.org/nypm/-/nypm-0.6.5.tgz. Extracting by manifest.
252 silly tarball no local data for destr@https://registry.npmjs.org/destr/-/destr-2.0.5.tgz. Extracting by manifest.
253 silly tarball no local data for node-fetch-native@https://registry.npmjs.org/node-fetch-native/-/node-fetch-native-1.6.7.tgz. Extracting by manifest.
254 silly tarball no local data for tinyexec@https://registry.npmjs.org/tinyexec/-/tinyexec-1.0.4.tgz. Extracting by manifest.
255 silly tarball no local data for consola@https://registry.npmjs.org/consola/-/consola-3.4.2.tgz. Extracting by manifest.
256 silly tarball no local data for citty@https://registry.npmjs.org/citty/-/citty-0.1.6.tgz. Extracting by manifest.
257 silly tarball no local data for pure-rand@https://registry.npmjs.org/pure-rand/-/pure-rand-6.1.0.tgz. Extracting by manifest.
258 silly tarball no local data for @standard-schema/spec@https://registry.npmjs.org/@standard-schema/spec/-/spec-1.1.0.tgz. Extracting by manifest.
259 silly tarball no local data for rc9@https://registry.npmjs.org/rc9/-/rc9-2.1.2.tgz. Extracting by manifest.
260 silly tarball no local data for fast-check@https://registry.npmjs.org/fast-check/-/fast-check-3.23.2.tgz. Extracting by manifest.
261 silly tarball no local data for pkg-types@https://registry.npmjs.org/pkg-types/-/pkg-types-2.3.0.tgz. Extracting by manifest.
262 silly tarball no local data for perfect-debounce@https://registry.npmjs.org/perfect-debounce/-/perfect-debounce-1.0.0.tgz. Extracting by manifest.
263 silly tarball no local data for pathe@https://registry.npmjs.org/pathe/-/pathe-2.0.3.tgz. Extracting by manifest.
264 silly tarball no local data for jiti@https://registry.npmjs.org/jiti/-/jiti-2.6.1.tgz. Extracting by manifest.
265 silly tarball no local data for giget@https://registry.npmjs.org/giget/-/giget-2.0.0.tgz. Extracting by manifest.
266 silly tarball no local data for exsolve@https://registry.npmjs.org/exsolve/-/exsolve-1.0.8.tgz. Extracting by manifest.
267 silly tarball no local data for confbox@https://registry.npmjs.org/confbox/-/confbox-0.2.4.tgz. Extracting by manifest.
268 silly tarball no local data for @prisma/get-platform@https://registry.npmjs.org/@prisma/get-platform/-/get-platform-6.19.2.tgz. Extracting by manifest.
269 silly tarball no local data for defu@https://registry.npmjs.org/defu/-/defu-6.1.4.tgz. Extracting by manifest.
270 silly tarball no local data for @prisma/fetch-engine@https://registry.npmjs.org/@prisma/fetch-engine/-/fetch-engine-6.19.2.tgz. Extracting by manifest.
271 silly tarball no local data for @prisma/engines-version@https://registry.npmjs.org/@prisma/engines-version/-/engines-version-7.1.1-3.c2990dca591cba766e3b7ef5d9e8a84796e47ab7.tgz. Extracting by manifest.
272 silly tarball no local data for empathic@https://registry.npmjs.org/empathic/-/empathic-2.0.0.tgz. Extracting by manifest.
273 silly tarball no local data for effect@https://registry.npmjs.org/effect/-/effect-3.18.4.tgz. Extracting by manifest.
274 silly tarball no local data for deepmerge-ts@https://registry.npmjs.org/deepmerge-ts/-/deepmerge-ts-7.1.5.tgz. Extracting by manifest.
275 silly tarball no local data for c12@https://registry.npmjs.org/c12/-/c12-3.1.0.tgz. Extracting by manifest.
276 silly tarball no local data for @prisma/engines@https://registry.npmjs.org/@prisma/engines/-/engines-6.19.2.tgz. Extracting by manifest.
277 silly tarball no local data for @prisma/config@https://registry.npmjs.org/@prisma/config/-/config-6.19.2.tgz. Extracting by manifest.
278 silly tarball no local data for @prisma/client@https://registry.npmjs.org/@prisma/client/-/client-6.19.2.tgz. Extracting by manifest.
279 silly tarball no local data for prisma@https://registry.npmjs.org/prisma/-/prisma-6.19.2.tgz. Extracting by manifest.
280 silly tarball no local data for citty@https://registry.npmjs.org/citty/-/citty-0.2.1.tgz. Extracting by manifest.
281 silly tarball no local data for readdirp@https://registry.npmjs.org/readdirp/-/readdirp-4.1.2.tgz. Extracting by manifest.
282 silly tarball no local data for dotenv@https://registry.npmjs.org/dotenv/-/dotenv-16.6.1.tgz. Extracting by manifest.
283 silly tarball no local data for chokidar@https://registry.npmjs.org/chokidar/-/chokidar-4.0.3.tgz. Extracting by manifest.
284 silly tarball no local data for ohash@https://registry.npmjs.org/ohash/-/ohash-2.0.11.tgz. Extracting by manifest.
285 http fetch POST 200 https://registry.npmjs.org/-/npm/v1/security/advisories/bulk 258ms
286 silly audit report {
286 silly audit report   effect: [
286 silly audit report     {
286 silly audit report       id: 1115356,
286 silly audit report       url: 'https://github.com/advisories/GHSA-38f7-945m-qr2g',
286 silly audit report       title: 'Effect `AsyncLocalStorage` context lost/contaminated inside Effect fibers under concurrent load with RPC',
286 silly audit report       severity: 'high',
286 silly audit report       vulnerable_versions: '<3.20.0',
286 silly audit report       cwe: [Array],
286 silly audit report       cvss: [Object]
286 silly audit report     }
286 silly audit report   ]
286 silly audit report }
287 silly packumentCache corgi:https://registry.npmjs.org/effect cache-miss
288 http fetch GET 200 https://registry.npmjs.org/nypm/-/nypm-0.6.5.tgz 352ms (cache miss)
289 http fetch GET 200 https://registry.npmjs.org/destr/-/destr-2.0.5.tgz 351ms (cache miss)
290 http fetch GET 200 https://registry.npmjs.org/exsolve/-/exsolve-1.0.8.tgz 381ms (cache miss)
291 http fetch GET 200 https://registry.npmjs.org/giget/-/giget-2.0.0.tgz 388ms (cache miss)
292 http fetch GET 200 https://registry.npmjs.org/defu/-/defu-6.1.4.tgz 405ms (cache miss)
293 http fetch GET 200 https://registry.npmjs.org/perfect-debounce/-/perfect-debounce-1.0.0.tgz 418ms (cache miss)
294 http fetch GET 200 https://registry.npmjs.org/empathic/-/empathic-2.0.0.tgz 413ms (cache miss)
295 http fetch GET 200 https://registry.npmjs.org/@standard-schema/spec/-/spec-1.1.0.tgz 441ms (cache miss)
296 http fetch GET 200 https://registry.npmjs.org/rc9/-/rc9-2.1.2.tgz 447ms (cache miss)
297 http fetch GET 200 https://registry.npmjs.org/readdirp/-/readdirp-4.1.2.tgz 431ms (cache miss)
298 http fetch GET 200 https://registry.npmjs.org/tinyexec/-/tinyexec-1.0.4.tgz 471ms (cache miss)
299 http fetch GET 200 https://registry.npmjs.org/@prisma/engines/-/engines-6.19.2.tgz 453ms (cache miss)
300 http fetch GET 200 https://registry.npmjs.org/citty/-/citty-0.1.6.tgz 481ms (cache miss)
301 http fetch GET 200 https://registry.npmjs.org/pkg-types/-/pkg-types-2.3.0.tgz 491ms (cache miss)
302 http fetch GET 200 https://registry.npmjs.org/dotenv/-/dotenv-16.6.1.tgz 476ms (cache miss)
303 http fetch GET 200 https://registry.npmjs.org/citty/-/citty-0.2.1.tgz 482ms (cache miss)
304 http fetch GET 200 https://registry.npmjs.org/pathe/-/pathe-2.0.3.tgz 510ms (cache miss)
305 http fetch GET 200 https://registry.npmjs.org/c12/-/c12-3.1.0.tgz 516ms (cache miss)
306 http fetch GET 200 https://registry.npmjs.org/@prisma/engines-version/-/engines-version-7.1.1-3.c2990dca591cba766e3b7ef5d9e8a84796e47ab7.tgz 523ms (cache miss)
307 http fetch GET 200 https://registry.npmjs.org/@prisma/config/-/config-6.19.2.tgz 519ms (cache miss)
308 http fetch GET 200 https://registry.npmjs.org/confbox/-/confbox-0.2.4.tgz 531ms (cache miss)
309 http fetch GET 200 https://registry.npmjs.org/chokidar/-/chokidar-4.0.3.tgz 528ms (cache miss)
310 http fetch GET 200 https://registry.npmjs.org/ohash/-/ohash-2.0.11.tgz 535ms (cache miss)
311 http fetch GET 200 https://registry.npmjs.org/deepmerge-ts/-/deepmerge-ts-7.1.5.tgz 552ms (cache miss)
312 http fetch GET 200 https://registry.npmjs.org/effect 371ms (cache miss)
313 silly packumentCache corgi:https://registry.npmjs.org/effect set size:undefined disposed:false
314 silly packumentCache corgi:https://registry.npmjs.org/@prisma%2fconfig cache-miss
315 http fetch GET 200 https://registry.npmjs.org/consola/-/consola-3.4.2.tgz 737ms (cache miss)
316 http fetch GET 200 https://registry.npmjs.org/node-fetch-native/-/node-fetch-native-1.6.7.tgz 788ms (cache miss)
317 http fetch GET 200 https://registry.npmjs.org/@prisma/fetch-engine/-/fetch-engine-6.19.2.tgz 776ms (cache miss)
318 http fetch GET 200 https://registry.npmjs.org/pure-rand/-/pure-rand-6.1.0.tgz 796ms (cache miss)
319 http fetch GET 200 https://registry.npmjs.org/@prisma/get-platform/-/get-platform-6.19.2.tgz 826ms (cache miss)
320 http fetch GET 200 https://registry.npmjs.org/jiti/-/jiti-2.6.1.tgz 842ms (cache miss)
321 http fetch GET 200 https://registry.npmjs.org/@prisma%2fconfig 269ms (cache miss)
322 silly packumentCache corgi:https://registry.npmjs.org/@prisma%2fconfig set size:undefined disposed:false
323 silly packumentCache corgi:https://registry.npmjs.org/prisma cache-miss
324 http fetch GET 200 https://registry.npmjs.org/fast-check/-/fast-check-3.23.2.tgz 2141ms (cache miss)
325 http fetch GET 200 https://registry.npmjs.org/prisma 1286ms (cache miss)
326 silly packumentCache corgi:https://registry.npmjs.org/prisma set size:undefined disposed:false
327 silly packumentCache corgi:https://registry.npmjs.org/@prisma%2fclient cache-miss
328 http fetch GET 200 https://registry.npmjs.org/prisma/-/prisma-6.19.2.tgz 4975ms (cache miss)
329 http fetch GET 200 https://registry.npmjs.org/@prisma%2fclient 1459ms (cache miss)
330 silly packumentCache corgi:https://registry.npmjs.org/@prisma%2fclient set size:undefined disposed:false
331 http fetch GET 200 https://registry.npmjs.org/effect/-/effect-3.18.4.tgz 6485ms (cache miss)
332 http fetch GET 200 https://registry.npmjs.org/@prisma/client/-/client-6.19.2.tgz 6493ms (cache miss)
333 info run prisma@6.19.2 preinstall node_modules/prisma node scripts/preinstall-entry.js
334 info run prisma@6.19.2 preinstall { code: 0, signal: null }
335 info run @prisma/client@6.19.2 postinstall node_modules/@prisma/client node scripts/postinstall.js
336 info run @prisma/engines@6.19.2 postinstall node_modules/@prisma/engines node scripts/postinstall.js
337 info run @prisma/engines@6.19.2 postinstall { code: 0, signal: null }
338 info run @prisma/client@6.19.2 postinstall { code: 0, signal: null }
339 silly ADD node_modules/destr
340 silly ADD node_modules/tinyexec
341 silly ADD node_modules/nypm
342 silly ADD node_modules/nypm/node_modules/citty
343 silly ADD node_modules/node-fetch-native
344 silly ADD node_modules/consola
345 silly ADD node_modules/citty
346 silly ADD node_modules/pure-rand
347 silly ADD node_modules/fast-check
348 silly ADD node_modules/@standard-schema/spec
349 silly ADD node_modules/rc9
350 silly ADD node_modules/pkg-types
351 silly ADD node_modules/perfect-debounce
352 silly ADD node_modules/pathe
353 silly ADD node_modules/ohash
354 silly ADD node_modules/jiti
355 silly ADD node_modules/giget
356 silly ADD node_modules/exsolve
357 silly ADD node_modules/defu
358 silly ADD node_modules/confbox
359 silly ADD node_modules/@prisma/get-platform
360 silly ADD node_modules/@prisma/fetch-engine
361 silly ADD node_modules/@prisma/engines-version
362 silly ADD node_modules/empathic
363 silly ADD node_modules/effect
364 silly ADD node_modules/deepmerge-ts
365 silly ADD node_modules/c12
366 silly ADD node_modules/c12/node_modules/readdirp
367 silly ADD node_modules/c12/node_modules/dotenv
368 silly ADD node_modules/c12/node_modules/chokidar
369 silly ADD node_modules/@prisma/engines
370 silly ADD node_modules/@prisma/config
371 silly ADD node_modules/prisma
372 silly ADD node_modules/@prisma/client
373 silly ADD
374 silly ADD
375 silly ADD
376 silly ADD
377 silly ADD
378 silly ADD
379 silly ADD
380 silly ADD
381 silly ADD
382 silly ADD
383 silly ADD
384 silly ADD
385 silly ADD
386 silly ADD
387 silly ADD
388 silly ADD
389 silly ADD
390 silly ADD
391 silly ADD
392 silly ADD
393 silly ADD
394 silly ADD
395 silly ADD
396 silly ADD
397 silly ADD
398 silly ADD
399 verbose cwd /root/backend
400 verbose os Linux 6.8.0-100-generic
401 verbose node v20.20.0
402 verbose npm  v10.8.2
403 verbose exit 0
404 info ok
